#
# There is insufficient memory for the Java Runtime Environment to continue.
# Native memory allocation (mmap) failed to map 47185920 bytes for Failed to commit area from 0x000000072fe00000 to 0x0000000732b00000 of length 47185920.
# Possible reasons:
#   The system is out of physical RAM or swap space
#   The process is running with CompressedOops enabled, and the Java Heap may be blocking the growth of the native heap
# Possible solutions:
#   Reduce memory load on the system
#   Increase physical memory or swap space
#   Check if swap backing store is full
#   Decrease Java heap size (-Xmx/-Xms)
#   Decrease number of Java threads
#   Decrease Java thread stack sizes (-Xss)
#   Set larger code cache with -XX:ReservedCodeCacheSize=
#   JVM is running with Zero Based Compressed Oops mode in which the Java heap is
#     placed in the first 32GB address space. The Java Heap base address is the
#     maximum limit for the native heap growth. Please use -XX:HeapBaseMinAddress
#     to set the Java Heap base and to place the Java Heap above 32GB virtual address.
# This output file may be truncated or incomplete.
#
#  Out of Memory Error (./open/src/hotspot/os/windows/os_windows.cpp:3287), pid=14204, tid=14820
#
# JRE version: Java(TM) SE Runtime Environment 18.9 (11.0.15+8) (build 11.0.15+8-LTS-149)
# Java VM: Java HotSpot(TM) 64-Bit Server VM 18.9 (11.0.15+8-LTS-149, mixed mode, tiered, compressed oops, g1 gc, windows-amd64)
# No core dump will be written. Minidumps are not enabled by default on client versions of Windows
#

---------------  S U M M A R Y ------------

Command Line: org.jetbrains.kotlin.cli.jvm.K2JVMCompiler @C:\Users\white\Documents\AMK LAB\react-native\crud - Copy\node_modules\react-native-gesture-handler\android\build\20220606_2342583103035110394.compiler.options

Host: AMD Ryzen 5 3500U with Radeon Vega Mobile Gfx  , 8 cores, 13G,  Windows 10 , 64 bit Build 19041 (10.0.19041.1706)
Time: Mon Jun  6 11:01:15 2022 FLE Daylight Time elapsed time: 3.655035 seconds (0d 0h 0m 3s)

---------------  T H R E A D  ---------------

Current thread (0x00000298c6ff8000):  VMThread "VM Thread" [stack: 0x000000a492e00000,0x000000a492f00000] [id=14820]

Stack: [0x000000a492e00000,0x000000a492f00000]
[error occurred during error reporting (printing stack bounds), id 0xc0000005, EXCEPTION_ACCESS_VIOLATION (0xc0000005) at pc=0x00000298ac510f2d]

Native frames: (J=compiled Java code, j=interpreted, Vv=VM code, C=native code)
V  [jvm.dll+0x629d8a]
V  [jvm.dll+0x7638ff]
V  [jvm.dll+0x764fa9]
V  [jvm.dll+0x765595]
V  [jvm.dll+0x76554b]
V  [jvm.dll+0x629273]
V  [jvm.dll+0x629988]
C  [ntdll.dll+0xa209f]
C  [ntdll.dll+0x51454]
C  [ntdll.dll+0xa0bce]
C  0x00000298ac510f2d

VM_Operation (0x000000a4928fbdc0): CollectForMetadataAllocation, mode: safepoint, requested by thread 0x00000298a4e63800


---------------  P R O C E S S  ---------------

Threads class SMR info:
_java_thread_list=0x00000298c9358f90, length=10, elements={
0x00000298a4e63800, 0x00000298c6ffa000, 0x00000298c702d000, 0x00000298c708b800,
0x00000298c708e000, 0x00000298c708f000, 0x00000298c703f000, 0x00000298c7096800,
0x00000298c709d800, 0x00000298c7223800
}

Java Threads: ( => current thread )
  0x00000298a4e63800 JavaThread "main" [_thread_blocked, id=5816, stack(0x000000a492800000,0x000000a492900000)]
  0x00000298c6ffa000 JavaThread "Reference Handler" daemon [_thread_blocked, id=20244, stack(0x000000a492f00000,0x000000a493000000)]
  0x00000298c702d000 JavaThread "Finalizer" daemon [_thread_blocked, id=4152, stack(0x000000a493000000,0x000000a493100000)]
  0x00000298c708b800 JavaThread "Signal Dispatcher" daemon [_thread_blocked, id=16456, stack(0x000000a493100000,0x000000a493200000)]
  0x00000298c708e000 JavaThread "Attach Listener" daemon [_thread_blocked, id=7316, stack(0x000000a493200000,0x000000a493300000)]
  0x00000298c708f000 JavaThread "Service Thread" daemon [_thread_blocked, id=9816, stack(0x000000a493300000,0x000000a493400000)]
  0x00000298c703f000 JavaThread "C2 CompilerThread0" daemon [_thread_blocked, id=7368, stack(0x000000a493400000,0x000000a493500000)]
  0x00000298c7096800 JavaThread "C1 CompilerThread0" daemon [_thread_blocked, id=12460, stack(0x000000a493500000,0x000000a493600000)]
  0x00000298c709d800 JavaThread "Sweeper thread" daemon [_thread_blocked, id=17004, stack(0x000000a493600000,0x000000a493700000)]
  0x00000298c7223800 JavaThread "Common-Cleaner" daemon [_thread_blocked, id=10736, stack(0x000000a493800000,0x000000a493900000)]

Other Threads:
=>0x00000298c6ff8000 VMThread "VM Thread" [stack: 0x000000a492e00000,0x000000a492f00000] [id=14820]
  0x00000298c7222000 WatcherThread [stack: 0x000000a493700000,0x000000a493800000] [id=15048]
  0x00000298a4e77800 GCTaskThread "GC Thread#0" [stack: 0x000000a492900000,0x000000a492a00000] [id=3620]
  0x00000298c7a06800 GCTaskThread "GC Thread#1" [stack: 0x000000a493b00000,0x000000a493c00000] [id=10100]
  0x00000298c7a07000 GCTaskThread "GC Thread#2" [stack: 0x000000a493c00000,0x000000a493d00000] [id=4044]
  0x00000298c7a0c000 GCTaskThread "GC Thread#3" [stack: 0x000000a493d00000,0x000000a493e00000] [id=1820]
  0x00000298c7a0c800 GCTaskThread "GC Thread#4" [stack: 0x000000a493e00000,0x000000a493f00000] [id=14968]
  0x00000298a4ecb800 ConcurrentGCThread "G1 Main Marker" [stack: 0x000000a492a00000,0x000000a492b00000] [id=11480]
  0x00000298a4ecc800 ConcurrentGCThread "G1 Conc#0" [stack: 0x000000a492b00000,0x000000a492c00000] [id=13772]
  0x00000298c7abd000 ConcurrentGCThread "G1 Conc#1" [stack: 0x000000a493f00000,0x000000a494000000] [id=12184]
  0x00000298c665d800 ConcurrentGCThread "G1 Refine#0" [stack: 0x000000a492c00000,0x000000a492d00000] [id=19732]
  0x00000298c8509800 ConcurrentGCThread "G1 Refine#1" [stack: 0x000000a494000000,0x000000a494100000] [id=19616]
  0x00000298c85fa800 ConcurrentGCThread "G1 Refine#2" [stack: 0x000000a494100000,0x000000a494200000] [id=14084]
  0x00000298c665e800 ConcurrentGCThread "G1 Young RemSet Sampling" [stack: 0x000000a492d00000,0x000000a492e00000] [id=784]

Threads with active compile tasks:

VM state:at safepoint (normal execution)

VM Mutex/Monitor currently owned by a thread:  ([mutex/lock_event])
[0x00000298a4e60e00] Threads_lock - owner thread: 0x00000298c6ff8000
[0x00000298a4e5f270] Heap_lock - owner thread: 0x00000298a4e63800

Heap address: 0x0000000721e00000, size: 3554 MB, Compressed Oops mode: Zero based, Oop shift amount: 3
Narrow klass base: 0x0000000800000000, Narrow klass shift: 0
Compressed class space size: 1073741824 Address: 0x0000000800000000

Heap:
 garbage-first heap   total 275456K, used 33546K [0x0000000721e00000, 0x0000000800000000)
  region size 1024K, 3 young (3072K), 3 survivors (3072K)
 Metaspace       used 35460K, capacity 35793K, committed 35920K, reserved 1081344K
  class space    used 4154K, capacity 4318K, committed 4352K, reserved 1048576K
Heap Regions: E=young(eden), S=young(survivor), O=old, HS=humongous(starts), HC=humongous(continues), CS=collection set, F=free, A=archive, TAMS=top-at-mark-start (previous, next)
|   0|0x0000000721e00000, 0x0000000721f00000, 0x0000000721f00000|100%|HS|  |TAMS 0x0000000721f00000, 0x0000000721f00000| Complete 
|   1|0x0000000721f00000, 0x0000000722000000, 0x0000000722000000|100%|HC|  |TAMS 0x0000000722000000, 0x0000000722000000| Complete 
|   2|0x0000000722000000, 0x0000000722100000, 0x0000000722100000|100%|HC|  |TAMS 0x0000000722100000, 0x0000000722100000| Complete 
|   3|0x0000000722100000, 0x0000000722200000, 0x0000000722200000|100%|HS|  |TAMS 0x0000000722100000, 0x0000000722200000| Complete 
|   4|0x0000000722200000, 0x0000000722300000, 0x0000000722300000|100%|HC|  |TAMS 0x0000000722200000, 0x0000000722300000| Complete 
|   5|0x0000000722300000, 0x0000000722400000, 0x0000000722400000|100%|HC|  |TAMS 0x0000000722300000, 0x0000000722400000| Complete 
|   6|0x0000000722400000, 0x0000000722500000, 0x0000000722500000|100%|HS|  |TAMS 0x0000000722400000, 0x0000000722500000| Complete 
|   7|0x0000000722500000, 0x0000000722600000, 0x0000000722600000|100%|HC|  |TAMS 0x0000000722500000, 0x0000000722600000| Complete 
|   8|0x0000000722600000, 0x0000000722700000, 0x0000000722700000|100%|HC|  |TAMS 0x0000000722600000, 0x0000000722700000| Complete 
|   9|0x0000000722700000, 0x0000000722800000, 0x0000000722800000|100%| O|  |TAMS 0x0000000722700000, 0x0000000722800000| Untracked 
|  10|0x0000000722800000, 0x0000000722900000, 0x0000000722900000|100%| O|  |TAMS 0x0000000722800000, 0x0000000722900000| Untracked 
|  11|0x0000000722900000, 0x0000000722a00000, 0x0000000722a00000|100%| O|  |TAMS 0x0000000722900000, 0x0000000722a00000| Untracked 
|  12|0x0000000722a00000, 0x0000000722b00000, 0x0000000722b00000|100%| O|  |TAMS 0x0000000722a00000, 0x0000000722b00000| Untracked 
|  13|0x0000000722b00000, 0x0000000722b00000, 0x0000000722c00000|  0%| F|  |TAMS 0x0000000722b00000, 0x0000000722b00000| Untracked 
|  14|0x0000000722c00000, 0x0000000722c00000, 0x0000000722d00000|  0%| F|  |TAMS 0x0000000722c00000, 0x0000000722c00000| Untracked 
|  15|0x0000000722d00000, 0x0000000722e00000, 0x0000000722e00000|100%| O|  |TAMS 0x0000000722d00000, 0x0000000722e00000| Untracked 
|  16|0x0000000722e00000, 0x0000000722f00000, 0x0000000722f00000|100%| O|  |TAMS 0x0000000722e00000, 0x0000000722f00000| Untracked 
|  17|0x0000000722f00000, 0x0000000723000000, 0x0000000723000000|100%| O|  |TAMS 0x0000000722f00000, 0x0000000723000000| Untracked 
|  18|0x0000000723000000, 0x0000000723100000, 0x0000000723100000|100%| O|  |TAMS 0x0000000723000000, 0x0000000723100000| Untracked 
|  19|0x0000000723100000, 0x0000000723200000, 0x0000000723200000|100%| O|  |TAMS 0x0000000723100000, 0x0000000723200000| Untracked 
|  20|0x0000000723200000, 0x0000000723300000, 0x0000000723300000|100%| O|  |TAMS 0x0000000723200000, 0x0000000723300000| Untracked 
|  21|0x0000000723300000, 0x0000000723400000, 0x0000000723400000|100%| O|  |TAMS 0x0000000723300000, 0x0000000723400000| Untracked 
|  22|0x0000000723400000, 0x0000000723500000, 0x0000000723500000|100%| O|  |TAMS 0x0000000723400000, 0x0000000723500000| Untracked 
|  23|0x0000000723500000, 0x0000000723600000, 0x0000000723600000|100%| O|  |TAMS 0x0000000723500000, 0x0000000723600000| Untracked 
|  24|0x0000000723600000, 0x0000000723700000, 0x0000000723700000|100%| O|  |TAMS 0x0000000723600000, 0x0000000723700000| Untracked 
|  25|0x0000000723700000, 0x0000000723800000, 0x0000000723800000|100%| O|  |TAMS 0x0000000723700000, 0x0000000723800000| Untracked 
|  26|0x0000000723800000, 0x0000000723900000, 0x0000000723900000|100%| O|  |TAMS 0x0000000723800000, 0x0000000723900000| Untracked 
|  27|0x0000000723900000, 0x0000000723a00000, 0x0000000723a00000|100%| O|  |TAMS 0x0000000723900000, 0x0000000723a00000| Untracked 
|  28|0x0000000723a00000, 0x0000000723b00000, 0x0000000723b00000|100%| O|  |TAMS 0x0000000723a00000, 0x0000000723b00000| Untracked 
|  29|0x0000000723b00000, 0x0000000723c00000, 0x0000000723c00000|100%| O|  |TAMS 0x0000000723b00000, 0x0000000723c00000| Untracked 
|  30|0x0000000723c00000, 0x0000000723d00000, 0x0000000723d00000|100%| O|  |TAMS 0x0000000723c00000, 0x0000000723d00000| Untracked 
|  31|0x0000000723d00000, 0x0000000723e00000, 0x0000000723e00000|100%| O|  |TAMS 0x0000000723d00000, 0x0000000723e00000| Untracked 
|  32|0x0000000723e00000, 0x0000000723e00000, 0x0000000723f00000|  0%| F|  |TAMS 0x0000000723e00000, 0x0000000723e00000| Untracked 
|  33|0x0000000723f00000, 0x0000000723f00000, 0x0000000724000000|  0%| F|  |TAMS 0x0000000723f00000, 0x0000000723f00000| Untracked 
|  34|0x0000000724000000, 0x0000000724000000, 0x0000000724100000|  0%| F|  |TAMS 0x0000000724000000, 0x0000000724000000| Untracked 
|  35|0x0000000724100000, 0x0000000724100000, 0x0000000724200000|  0%| F|  |TAMS 0x0000000724100000, 0x0000000724100000| Untracked 
|  36|0x0000000724200000, 0x0000000724200000, 0x0000000724300000|  0%| F|  |TAMS 0x0000000724200000, 0x0000000724200000| Untracked 
|  37|0x0000000724300000, 0x0000000724300000, 0x0000000724400000|  0%| F|  |TAMS 0x0000000724300000, 0x0000000724300000| Untracked 
|  38|0x0000000724400000, 0x0000000724400000, 0x0000000724500000|  0%| F|  |TAMS 0x0000000724400000, 0x0000000724400000| Untracked 
|  39|0x0000000724500000, 0x0000000724500000, 0x0000000724600000|  0%| F|  |TAMS 0x0000000724500000, 0x0000000724500000| Untracked 
|  40|0x0000000724600000, 0x0000000724600000, 0x0000000724700000|  0%| F|  |TAMS 0x0000000724600000, 0x0000000724600000| Untracked 
|  41|0x0000000724700000, 0x0000000724700000, 0x0000000724800000|  0%| F|  |TAMS 0x0000000724700000, 0x0000000724700000| Untracked 
|  42|0x0000000724800000, 0x0000000724800000, 0x0000000724900000|  0%| F|  |TAMS 0x0000000724800000, 0x0000000724800000| Untracked 
|  43|0x0000000724900000, 0x0000000724900000, 0x0000000724a00000|  0%| F|  |TAMS 0x0000000724900000, 0x0000000724900000| Untracked 
|  44|0x0000000724a00000, 0x0000000724a00000, 0x0000000724b00000|  0%| F|  |TAMS 0x0000000724a00000, 0x0000000724a00000| Untracked 
|  45|0x0000000724b00000, 0x0000000724b00000, 0x0000000724c00000|  0%| F|  |TAMS 0x0000000724b00000, 0x0000000724b00000| Untracked 
|  46|0x0000000724c00000, 0x0000000724c00000, 0x0000000724d00000|  0%| F|  |TAMS 0x0000000724c00000, 0x0000000724c00000| Untracked 
|  47|0x0000000724d00000, 0x0000000724d00000, 0x0000000724e00000|  0%| F|  |TAMS 0x0000000724d00000, 0x0000000724d00000| Untracked 
|  48|0x0000000724e00000, 0x0000000724e00000, 0x0000000724f00000|  0%| F|  |TAMS 0x0000000724e00000, 0x0000000724e00000| Untracked 
|  49|0x0000000724f00000, 0x0000000724f00000, 0x0000000725000000|  0%| F|  |TAMS 0x0000000724f00000, 0x0000000724f00000| Untracked 
|  50|0x0000000725000000, 0x0000000725000000, 0x0000000725100000|  0%| F|  |TAMS 0x0000000725000000, 0x0000000725000000| Untracked 
|  51|0x0000000725100000, 0x0000000725100000, 0x0000000725200000|  0%| F|  |TAMS 0x0000000725100000, 0x0000000725100000| Untracked 
|  52|0x0000000725200000, 0x0000000725200000, 0x0000000725300000|  0%| F|  |TAMS 0x0000000725200000, 0x0000000725200000| Untracked 
|  53|0x0000000725300000, 0x0000000725300000, 0x0000000725400000|  0%| F|  |TAMS 0x0000000725300000, 0x0000000725300000| Untracked 
|  54|0x0000000725400000, 0x0000000725400000, 0x0000000725500000|  0%| F|  |TAMS 0x0000000725400000, 0x0000000725400000| Untracked 
|  55|0x0000000725500000, 0x0000000725500000, 0x0000000725600000|  0%| F|  |TAMS 0x0000000725500000, 0x0000000725500000| Untracked 
|  56|0x0000000725600000, 0x0000000725600000, 0x0000000725700000|  0%| F|  |TAMS 0x0000000725600000, 0x0000000725600000| Untracked 
|  57|0x0000000725700000, 0x0000000725700000, 0x0000000725800000|  0%| F|  |TAMS 0x0000000725700000, 0x0000000725700000| Untracked 
|  58|0x0000000725800000, 0x0000000725800000, 0x0000000725900000|  0%| F|  |TAMS 0x0000000725800000, 0x0000000725800000| Untracked 
|  59|0x0000000725900000, 0x0000000725900000, 0x0000000725a00000|  0%| F|  |TAMS 0x0000000725900000, 0x0000000725900000| Untracked 
|  60|0x0000000725a00000, 0x0000000725a00000, 0x0000000725b00000|  0%| F|  |TAMS 0x0000000725a00000, 0x0000000725a00000| Untracked 
|  61|0x0000000725b00000, 0x0000000725b00000, 0x0000000725c00000|  0%| F|  |TAMS 0x0000000725b00000, 0x0000000725b00000| Untracked 
|  62|0x0000000725c00000, 0x0000000725c00000, 0x0000000725d00000|  0%| F|  |TAMS 0x0000000725c00000, 0x0000000725c00000| Untracked 
|  63|0x0000000725d00000, 0x0000000725d00000, 0x0000000725e00000|  0%| F|  |TAMS 0x0000000725d00000, 0x0000000725d00000| Untracked 
|  64|0x0000000725e00000, 0x0000000725e00000, 0x0000000725f00000|  0%| F|  |TAMS 0x0000000725e00000, 0x0000000725e00000| Untracked 
|  65|0x0000000725f00000, 0x0000000725f00000, 0x0000000726000000|  0%| F|  |TAMS 0x0000000725f00000, 0x0000000725f00000| Untracked 
|  66|0x0000000726000000, 0x0000000726000000, 0x0000000726100000|  0%| F|  |TAMS 0x0000000726000000, 0x0000000726000000| Untracked 
|  67|0x0000000726100000, 0x0000000726100000, 0x0000000726200000|  0%| F|  |TAMS 0x0000000726100000, 0x0000000726100000| Untracked 
|  68|0x0000000726200000, 0x0000000726200000, 0x0000000726300000|  0%| F|  |TAMS 0x0000000726200000, 0x0000000726200000| Untracked 
|  69|0x0000000726300000, 0x0000000726300000, 0x0000000726400000|  0%| F|  |TAMS 0x0000000726300000, 0x0000000726300000| Untracked 
|  70|0x0000000726400000, 0x0000000726400000, 0x0000000726500000|  0%| F|  |TAMS 0x0000000726400000, 0x0000000726400000| Untracked 
|  71|0x0000000726500000, 0x0000000726500000, 0x0000000726600000|  0%| F|  |TAMS 0x0000000726500000, 0x0000000726500000| Untracked 
|  72|0x0000000726600000, 0x0000000726600000, 0x0000000726700000|  0%| F|  |TAMS 0x0000000726600000, 0x0000000726600000| Untracked 
|  73|0x0000000726700000, 0x0000000726700000, 0x0000000726800000|  0%| F|  |TAMS 0x0000000726700000, 0x0000000726700000| Untracked 
|  74|0x0000000726800000, 0x0000000726800000, 0x0000000726900000|  0%| F|  |TAMS 0x0000000726800000, 0x0000000726800000| Untracked 
|  75|0x0000000726900000, 0x0000000726900000, 0x0000000726a00000|  0%| F|  |TAMS 0x0000000726900000, 0x0000000726900000| Untracked 
|  76|0x0000000726a00000, 0x0000000726a00000, 0x0000000726b00000|  0%| F|  |TAMS 0x0000000726a00000, 0x0000000726a00000| Untracked 
|  77|0x0000000726b00000, 0x0000000726b00000, 0x0000000726c00000|  0%| F|  |TAMS 0x0000000726b00000, 0x0000000726b00000| Untracked 
|  78|0x0000000726c00000, 0x0000000726c00000, 0x0000000726d00000|  0%| F|  |TAMS 0x0000000726c00000, 0x0000000726c00000| Untracked 
|  79|0x0000000726d00000, 0x0000000726d00000, 0x0000000726e00000|  0%| F|  |TAMS 0x0000000726d00000, 0x0000000726d00000| Untracked 
|  80|0x0000000726e00000, 0x0000000726e00000, 0x0000000726f00000|  0%| F|  |TAMS 0x0000000726e00000, 0x0000000726e00000| Untracked 
|  81|0x0000000726f00000, 0x0000000726f00000, 0x0000000727000000|  0%| F|  |TAMS 0x0000000726f00000, 0x0000000726f00000| Untracked 
|  82|0x0000000727000000, 0x0000000727000000, 0x0000000727100000|  0%| F|  |TAMS 0x0000000727000000, 0x0000000727000000| Untracked 
|  83|0x0000000727100000, 0x0000000727100000, 0x0000000727200000|  0%| F|  |TAMS 0x0000000727100000, 0x0000000727100000| Untracked 
|  84|0x0000000727200000, 0x0000000727200000, 0x0000000727300000|  0%| F|  |TAMS 0x0000000727200000, 0x0000000727200000| Untracked 
|  85|0x0000000727300000, 0x0000000727300000, 0x0000000727400000|  0%| F|  |TAMS 0x0000000727300000, 0x0000000727300000| Untracked 
|  86|0x0000000727400000, 0x0000000727400000, 0x0000000727500000|  0%| F|  |TAMS 0x0000000727400000, 0x0000000727400000| Untracked 
|  87|0x0000000727500000, 0x0000000727500000, 0x0000000727600000|  0%| F|  |TAMS 0x0000000727500000, 0x0000000727500000| Untracked 
|  88|0x0000000727600000, 0x0000000727600000, 0x0000000727700000|  0%| F|  |TAMS 0x0000000727600000, 0x0000000727600000| Untracked 
|  89|0x0000000727700000, 0x0000000727700000, 0x0000000727800000|  0%| F|  |TAMS 0x0000000727700000, 0x0000000727700000| Untracked 
|  90|0x0000000727800000, 0x0000000727800000, 0x0000000727900000|  0%| F|  |TAMS 0x0000000727800000, 0x0000000727800000| Untracked 
|  91|0x0000000727900000, 0x0000000727900000, 0x0000000727a00000|  0%| F|  |TAMS 0x0000000727900000, 0x0000000727900000| Untracked 
|  92|0x0000000727a00000, 0x0000000727a00000, 0x0000000727b00000|  0%| F|  |TAMS 0x0000000727a00000, 0x0000000727a00000| Untracked 
|  93|0x0000000727b00000, 0x0000000727b00000, 0x0000000727c00000|  0%| F|  |TAMS 0x0000000727b00000, 0x0000000727b00000| Untracked 
|  94|0x0000000727c00000, 0x0000000727c00000, 0x0000000727d00000|  0%| F|  |TAMS 0x0000000727c00000, 0x0000000727c00000| Untracked 
|  95|0x0000000727d00000, 0x0000000727d00000, 0x0000000727e00000|  0%| F|  |TAMS 0x0000000727d00000, 0x0000000727d00000| Untracked 
|  96|0x0000000727e00000, 0x0000000727e00000, 0x0000000727f00000|  0%| F|  |TAMS 0x0000000727e00000, 0x0000000727e00000| Untracked 
|  97|0x0000000727f00000, 0x0000000727f00000, 0x0000000728000000|  0%| F|  |TAMS 0x0000000727f00000, 0x0000000727f00000| Untracked 
|  98|0x0000000728000000, 0x0000000728000000, 0x0000000728100000|  0%| F|  |TAMS 0x0000000728000000, 0x0000000728000000| Untracked 
|  99|0x0000000728100000, 0x0000000728100000, 0x0000000728200000|  0%| F|  |TAMS 0x0000000728100000, 0x0000000728100000| Untracked 
| 100|0x0000000728200000, 0x0000000728200000, 0x0000000728300000|  0%| F|  |TAMS 0x0000000728200000, 0x0000000728200000| Untracked 
| 101|0x0000000728300000, 0x0000000728300000, 0x0000000728400000|  0%| F|  |TAMS 0x0000000728300000, 0x0000000728300000| Untracked 
| 102|0x0000000728400000, 0x0000000728400000, 0x0000000728500000|  0%| F|  |TAMS 0x0000000728400000, 0x0000000728400000| Untracked 
| 103|0x0000000728500000, 0x0000000728500000, 0x0000000728600000|  0%| F|  |TAMS 0x0000000728500000, 0x0000000728500000| Untracked 
| 104|0x0000000728600000, 0x0000000728600000, 0x0000000728700000|  0%| F|  |TAMS 0x0000000728600000, 0x0000000728600000| Untracked 
| 105|0x0000000728700000, 0x0000000728700000, 0x0000000728800000|  0%| F|  |TAMS 0x0000000728700000, 0x0000000728700000| Untracked 
| 106|0x0000000728800000, 0x0000000728800000, 0x0000000728900000|  0%| F|  |TAMS 0x0000000728800000, 0x0000000728800000| Untracked 
| 107|0x0000000728900000, 0x0000000728900000, 0x0000000728a00000|  0%| F|  |TAMS 0x0000000728900000, 0x0000000728900000| Untracked 
| 108|0x0000000728a00000, 0x0000000728a00000, 0x0000000728b00000|  0%| F|  |TAMS 0x0000000728a00000, 0x0000000728a00000| Untracked 
| 109|0x0000000728b00000, 0x0000000728b00000, 0x0000000728c00000|  0%| F|  |TAMS 0x0000000728b00000, 0x0000000728b00000| Untracked 
| 110|0x0000000728c00000, 0x0000000728c00000, 0x0000000728d00000|  0%| F|  |TAMS 0x0000000728c00000, 0x0000000728c00000| Untracked 
| 111|0x0000000728d00000, 0x0000000728d00000, 0x0000000728e00000|  0%| F|  |TAMS 0x0000000728d00000, 0x0000000728d00000| Untracked 
| 112|0x0000000728e00000, 0x0000000728e00000, 0x0000000728f00000|  0%| F|  |TAMS 0x0000000728e00000, 0x0000000728e00000| Untracked 
| 113|0x0000000728f00000, 0x0000000728f00000, 0x0000000729000000|  0%| F|  |TAMS 0x0000000728f00000, 0x0000000728f00000| Untracked 
| 114|0x0000000729000000, 0x0000000729000000, 0x0000000729100000|  0%| F|  |TAMS 0x0000000729000000, 0x0000000729000000| Untracked 
| 115|0x0000000729100000, 0x0000000729100000, 0x0000000729200000|  0%| F|  |TAMS 0x0000000729100000, 0x0000000729100000| Untracked 
| 116|0x0000000729200000, 0x0000000729200000, 0x0000000729300000|  0%| F|  |TAMS 0x0000000729200000, 0x0000000729200000| Untracked 
| 117|0x0000000729300000, 0x0000000729300000, 0x0000000729400000|  0%| F|  |TAMS 0x0000000729300000, 0x0000000729300000| Untracked 
| 118|0x0000000729400000, 0x0000000729400000, 0x0000000729500000|  0%| F|  |TAMS 0x0000000729400000, 0x0000000729400000| Untracked 
| 119|0x0000000729500000, 0x0000000729500000, 0x0000000729600000|  0%| F|  |TAMS 0x0000000729500000, 0x0000000729500000| Untracked 
| 120|0x0000000729600000, 0x0000000729600000, 0x0000000729700000|  0%| F|  |TAMS 0x0000000729600000, 0x0000000729600000| Untracked 
| 121|0x0000000729700000, 0x0000000729700000, 0x0000000729800000|  0%| F|  |TAMS 0x0000000729700000, 0x0000000729700000| Untracked 
| 122|0x0000000729800000, 0x0000000729800000, 0x0000000729900000|  0%| F|  |TAMS 0x0000000729800000, 0x0000000729800000| Untracked 
| 123|0x0000000729900000, 0x0000000729900000, 0x0000000729a00000|  0%| F|  |TAMS 0x0000000729900000, 0x0000000729900000| Untracked 
| 124|0x0000000729a00000, 0x0000000729a00000, 0x0000000729b00000|  0%| F|  |TAMS 0x0000000729a00000, 0x0000000729a00000| Untracked 
| 125|0x0000000729b00000, 0x0000000729b00000, 0x0000000729c00000|  0%| F|  |TAMS 0x0000000729b00000, 0x0000000729b00000| Untracked 
| 126|0x0000000729c00000, 0x0000000729c00000, 0x0000000729d00000|  0%| F|  |TAMS 0x0000000729c00000, 0x0000000729c00000| Untracked 
| 127|0x0000000729d00000, 0x0000000729d00000, 0x0000000729e00000|  0%| F|  |TAMS 0x0000000729d00000, 0x0000000729d00000| Untracked 
| 128|0x0000000729e00000, 0x0000000729e00000, 0x0000000729f00000|  0%| F|  |TAMS 0x0000000729e00000, 0x0000000729e00000| Untracked 
| 129|0x0000000729f00000, 0x0000000729f00000, 0x000000072a000000|  0%| F|  |TAMS 0x0000000729f00000, 0x0000000729f00000| Untracked 
| 130|0x000000072a000000, 0x000000072a000000, 0x000000072a100000|  0%| F|  |TAMS 0x000000072a000000, 0x000000072a000000| Untracked 
| 131|0x000000072a100000, 0x000000072a100000, 0x000000072a200000|  0%| F|  |TAMS 0x000000072a100000, 0x000000072a100000| Untracked 
| 132|0x000000072a200000, 0x000000072a200000, 0x000000072a300000|  0%| F|  |TAMS 0x000000072a200000, 0x000000072a200000| Untracked 
| 133|0x000000072a300000, 0x000000072a300000, 0x000000072a400000|  0%| F|  |TAMS 0x000000072a300000, 0x000000072a300000| Untracked 
| 134|0x000000072a400000, 0x000000072a400000, 0x000000072a500000|  0%| F|  |TAMS 0x000000072a400000, 0x000000072a400000| Untracked 
| 135|0x000000072a500000, 0x000000072a500000, 0x000000072a600000|  0%| F|  |TAMS 0x000000072a500000, 0x000000072a500000| Untracked 
| 136|0x000000072a600000, 0x000000072a600000, 0x000000072a700000|  0%| F|  |TAMS 0x000000072a600000, 0x000000072a600000| Untracked 
| 137|0x000000072a700000, 0x000000072a700000, 0x000000072a800000|  0%| F|  |TAMS 0x000000072a700000, 0x000000072a700000| Untracked 
| 138|0x000000072a800000, 0x000000072a800000, 0x000000072a900000|  0%| F|  |TAMS 0x000000072a800000, 0x000000072a800000| Untracked 
| 139|0x000000072a900000, 0x000000072a900000, 0x000000072aa00000|  0%| F|  |TAMS 0x000000072a900000, 0x000000072a900000| Untracked 
| 140|0x000000072aa00000, 0x000000072aa00000, 0x000000072ab00000|  0%| F|  |TAMS 0x000000072aa00000, 0x000000072aa00000| Untracked 
| 141|0x000000072ab00000, 0x000000072ab00000, 0x000000072ac00000|  0%| F|  |TAMS 0x000000072ab00000, 0x000000072ab00000| Untracked 
| 142|0x000000072ac00000, 0x000000072ac00000, 0x000000072ad00000|  0%| F|  |TAMS 0x000000072ac00000, 0x000000072ac00000| Untracked 
| 143|0x000000072ad00000, 0x000000072ad00000, 0x000000072ae00000|  0%| F|  |TAMS 0x000000072ad00000, 0x000000072ad00000| Untracked 
| 144|0x000000072ae00000, 0x000000072ae00000, 0x000000072af00000|  0%| F|  |TAMS 0x000000072ae00000, 0x000000072ae00000| Untracked 
| 145|0x000000072af00000, 0x000000072af00000, 0x000000072b000000|  0%| F|  |TAMS 0x000000072af00000, 0x000000072af00000| Untracked 
| 146|0x000000072b000000, 0x000000072b000000, 0x000000072b100000|  0%| F|  |TAMS 0x000000072b000000, 0x000000072b000000| Untracked 
| 147|0x000000072b100000, 0x000000072b100000, 0x000000072b200000|  0%| F|  |TAMS 0x000000072b100000, 0x000000072b100000| Untracked 
| 148|0x000000072b200000, 0x000000072b200000, 0x000000072b300000|  0%| F|  |TAMS 0x000000072b200000, 0x000000072b200000| Untracked 
| 149|0x000000072b300000, 0x000000072b300000, 0x000000072b400000|  0%| F|  |TAMS 0x000000072b300000, 0x000000072b300000| Untracked 
| 150|0x000000072b400000, 0x000000072b400000, 0x000000072b500000|  0%| F|  |TAMS 0x000000072b400000, 0x000000072b400000| Untracked 
| 151|0x000000072b500000, 0x000000072b500000, 0x000000072b600000|  0%| F|  |TAMS 0x000000072b500000, 0x000000072b500000| Untracked 
| 152|0x000000072b600000, 0x000000072b600000, 0x000000072b700000|  0%| F|  |TAMS 0x000000072b600000, 0x000000072b600000| Untracked 
| 153|0x000000072b700000, 0x000000072b700000, 0x000000072b800000|  0%| F|  |TAMS 0x000000072b700000, 0x000000072b700000| Untracked 
| 154|0x000000072b800000, 0x000000072b800000, 0x000000072b900000|  0%| F|  |TAMS 0x000000072b800000, 0x000000072b800000| Untracked 
| 155|0x000000072b900000, 0x000000072b900000, 0x000000072ba00000|  0%| F|  |TAMS 0x000000072b900000, 0x000000072b900000| Untracked 
| 156|0x000000072ba00000, 0x000000072ba00000, 0x000000072bb00000|  0%| F|  |TAMS 0x000000072ba00000, 0x000000072ba00000| Untracked 
| 157|0x000000072bb00000, 0x000000072bb00000, 0x000000072bc00000|  0%| F|  |TAMS 0x000000072bb00000, 0x000000072bb00000| Untracked 
| 158|0x000000072bc00000, 0x000000072bc00000, 0x000000072bd00000|  0%| F|  |TAMS 0x000000072bc00000, 0x000000072bc00000| Untracked 
| 159|0x000000072bd00000, 0x000000072bd00000, 0x000000072be00000|  0%| F|  |TAMS 0x000000072bd00000, 0x000000072bd00000| Untracked 
| 160|0x000000072be00000, 0x000000072be00000, 0x000000072bf00000|  0%| F|  |TAMS 0x000000072be00000, 0x000000072be00000| Untracked 
| 161|0x000000072bf00000, 0x000000072bf00000, 0x000000072c000000|  0%| F|  |TAMS 0x000000072bf00000, 0x000000072bf00000| Untracked 
| 162|0x000000072c000000, 0x000000072c000000, 0x000000072c100000|  0%| F|  |TAMS 0x000000072c000000, 0x000000072c000000| Untracked 
| 163|0x000000072c100000, 0x000000072c100000, 0x000000072c200000|  0%| F|  |TAMS 0x000000072c100000, 0x000000072c100000| Untracked 
| 164|0x000000072c200000, 0x000000072c200000, 0x000000072c300000|  0%| F|  |TAMS 0x000000072c200000, 0x000000072c200000| Untracked 
| 165|0x000000072c300000, 0x000000072c300000, 0x000000072c400000|  0%| F|  |TAMS 0x000000072c300000, 0x000000072c300000| Untracked 
| 166|0x000000072c400000, 0x000000072c400000, 0x000000072c500000|  0%| F|  |TAMS 0x000000072c400000, 0x000000072c400000| Untracked 
| 167|0x000000072c500000, 0x000000072c500000, 0x000000072c600000|  0%| F|  |TAMS 0x000000072c500000, 0x000000072c500000| Untracked 
| 168|0x000000072c600000, 0x000000072c600000, 0x000000072c700000|  0%| F|  |TAMS 0x000000072c600000, 0x000000072c600000| Untracked 
| 169|0x000000072c700000, 0x000000072c700000, 0x000000072c800000|  0%| F|  |TAMS 0x000000072c700000, 0x000000072c700000| Untracked 
| 170|0x000000072c800000, 0x000000072c800000, 0x000000072c900000|  0%| F|  |TAMS 0x000000072c800000, 0x000000072c800000| Untracked 
| 171|0x000000072c900000, 0x000000072c900000, 0x000000072ca00000|  0%| F|  |TAMS 0x000000072c900000, 0x000000072c900000| Untracked 
| 172|0x000000072ca00000, 0x000000072ca00000, 0x000000072cb00000|  0%| F|  |TAMS 0x000000072ca00000, 0x000000072ca00000| Untracked 
| 173|0x000000072cb00000, 0x000000072cb00000, 0x000000072cc00000|  0%| F|  |TAMS 0x000000072cb00000, 0x000000072cb00000| Untracked 
| 174|0x000000072cc00000, 0x000000072cc00000, 0x000000072cd00000|  0%| F|  |TAMS 0x000000072cc00000, 0x000000072cc00000| Untracked 
| 175|0x000000072cd00000, 0x000000072cd00000, 0x000000072ce00000|  0%| F|  |TAMS 0x000000072cd00000, 0x000000072cd00000| Untracked 
| 176|0x000000072ce00000, 0x000000072ce00000, 0x000000072cf00000|  0%| F|  |TAMS 0x000000072ce00000, 0x000000072ce00000| Untracked 
| 177|0x000000072cf00000, 0x000000072cf00000, 0x000000072d000000|  0%| F|  |TAMS 0x000000072cf00000, 0x000000072cf00000| Untracked 
| 178|0x000000072d000000, 0x000000072d000000, 0x000000072d100000|  0%| F|  |TAMS 0x000000072d000000, 0x000000072d000000| Untracked 
| 179|0x000000072d100000, 0x000000072d100000, 0x000000072d200000|  0%| F|  |TAMS 0x000000072d100000, 0x000000072d100000| Untracked 
| 180|0x000000072d200000, 0x000000072d200000, 0x000000072d300000|  0%| F|  |TAMS 0x000000072d200000, 0x000000072d200000| Untracked 
| 181|0x000000072d300000, 0x000000072d300000, 0x000000072d400000|  0%| F|  |TAMS 0x000000072d300000, 0x000000072d300000| Untracked 
| 182|0x000000072d400000, 0x000000072d400000, 0x000000072d500000|  0%| F|  |TAMS 0x000000072d400000, 0x000000072d400000| Untracked 
| 183|0x000000072d500000, 0x000000072d500000, 0x000000072d600000|  0%| F|  |TAMS 0x000000072d500000, 0x000000072d500000| Untracked 
| 184|0x000000072d600000, 0x000000072d600000, 0x000000072d700000|  0%| F|  |TAMS 0x000000072d600000, 0x000000072d600000| Untracked 
| 185|0x000000072d700000, 0x000000072d700000, 0x000000072d800000|  0%| F|  |TAMS 0x000000072d700000, 0x000000072d700000| Untracked 
| 186|0x000000072d800000, 0x000000072d800000, 0x000000072d900000|  0%| F|  |TAMS 0x000000072d800000, 0x000000072d800000| Untracked 
| 187|0x000000072d900000, 0x000000072d900000, 0x000000072da00000|  0%| F|  |TAMS 0x000000072d900000, 0x000000072d900000| Untracked 
| 188|0x000000072da00000, 0x000000072da00000, 0x000000072db00000|  0%| F|  |TAMS 0x000000072da00000, 0x000000072da00000| Untracked 
| 189|0x000000072db00000, 0x000000072db00000, 0x000000072dc00000|  0%| F|  |TAMS 0x000000072db00000, 0x000000072db00000| Untracked 
| 190|0x000000072dc00000, 0x000000072dc00000, 0x000000072dd00000|  0%| F|  |TAMS 0x000000072dc00000, 0x000000072dc00000| Untracked 
| 191|0x000000072dd00000, 0x000000072dd00000, 0x000000072de00000|  0%| F|  |TAMS 0x000000072dd00000, 0x000000072dd00000| Untracked 
| 192|0x000000072de00000, 0x000000072de00000, 0x000000072df00000|  0%| F|  |TAMS 0x000000072de00000, 0x000000072de00000| Untracked 
| 193|0x000000072df00000, 0x000000072df00000, 0x000000072e000000|  0%| F|  |TAMS 0x000000072df00000, 0x000000072df00000| Untracked 
| 194|0x000000072e000000, 0x000000072e000000, 0x000000072e100000|  0%| F|  |TAMS 0x000000072e000000, 0x000000072e000000| Untracked 
| 195|0x000000072e100000, 0x000000072e100000, 0x000000072e200000|  0%| F|  |TAMS 0x000000072e100000, 0x000000072e100000| Untracked 
| 196|0x000000072e200000, 0x000000072e200000, 0x000000072e300000|  0%| F|  |TAMS 0x000000072e200000, 0x000000072e200000| Untracked 
| 197|0x000000072e300000, 0x000000072e300000, 0x000000072e400000|  0%| F|  |TAMS 0x000000072e300000, 0x000000072e300000| Untracked 
| 198|0x000000072e400000, 0x000000072e400000, 0x000000072e500000|  0%| F|  |TAMS 0x000000072e400000, 0x000000072e400000| Untracked 
| 199|0x000000072e500000, 0x000000072e500000, 0x000000072e600000|  0%| F|  |TAMS 0x000000072e500000, 0x000000072e500000| Untracked 
| 200|0x000000072e600000, 0x000000072e600000, 0x000000072e700000|  0%| F|  |TAMS 0x000000072e600000, 0x000000072e600000| Untracked 
| 201|0x000000072e700000, 0x000000072e700000, 0x000000072e800000|  0%| F|  |TAMS 0x000000072e700000, 0x000000072e700000| Untracked 
| 202|0x000000072e800000, 0x000000072e800000, 0x000000072e900000|  0%| F|  |TAMS 0x000000072e800000, 0x000000072e800000| Untracked 
| 203|0x000000072e900000, 0x000000072e900000, 0x000000072ea00000|  0%| F|  |TAMS 0x000000072e900000, 0x000000072e900000| Untracked 
| 204|0x000000072ea00000, 0x000000072ea00000, 0x000000072eb00000|  0%| F|  |TAMS 0x000000072ea00000, 0x000000072ea00000| Untracked 
| 205|0x000000072eb00000, 0x000000072eb00000, 0x000000072ec00000|  0%| F|  |TAMS 0x000000072eb00000, 0x000000072eb00000| Untracked 
| 206|0x000000072ec00000, 0x000000072ec00000, 0x000000072ed00000|  0%| F|  |TAMS 0x000000072ec00000, 0x000000072ec00000| Untracked 
| 207|0x000000072ed00000, 0x000000072ed00000, 0x000000072ee00000|  0%| F|  |TAMS 0x000000072ed00000, 0x000000072ed00000| Untracked 
| 208|0x000000072ee00000, 0x000000072eec2bc0, 0x000000072ef00000| 76%| S|CS|TAMS 0x000000072ee00000, 0x000000072ee00000| Complete 
| 209|0x000000072ef00000, 0x000000072f000000, 0x000000072f000000|100%| S|CS|TAMS 0x000000072ef00000, 0x000000072ef00000| Complete 
| 210|0x000000072f000000, 0x000000072f000000, 0x000000072f100000|  0%| F|  |TAMS 0x000000072f000000, 0x000000072f000000| Untracked 
| 211|0x000000072f100000, 0x000000072f100000, 0x000000072f200000|  0%| F|  |TAMS 0x000000072f100000, 0x000000072f100000| Untracked 
| 212|0x000000072f200000, 0x000000072f300000, 0x000000072f300000|100%| S|CS|TAMS 0x000000072f200000, 0x000000072f200000| Complete 
| 213|0x000000072f300000, 0x000000072f300000, 0x000000072f400000|  0%| F|  |TAMS 0x000000072f300000, 0x000000072f300000| Untracked 
| 214|0x000000072f400000, 0x000000072f400000, 0x000000072f500000|  0%| F|  |TAMS 0x000000072f400000, 0x000000072f400000| Untracked 
| 215|0x000000072f500000, 0x000000072f500000, 0x000000072f600000|  0%| F|  |TAMS 0x000000072f500000, 0x000000072f500000| Untracked 
| 216|0x000000072f600000, 0x000000072f600000, 0x000000072f700000|  0%| F|  |TAMS 0x000000072f600000, 0x000000072f600000| Untracked 
| 217|0x000000072f700000, 0x000000072f700000, 0x000000072f800000|  0%| F|  |TAMS 0x000000072f700000, 0x000000072f700000| Untracked 
| 218|0x000000072f800000, 0x000000072f800000, 0x000000072f900000|  0%| F|  |TAMS 0x000000072f800000, 0x000000072f800000| Untracked 
| 219|0x000000072f900000, 0x000000072f900000, 0x000000072fa00000|  0%| F|  |TAMS 0x000000072f900000, 0x000000072f900000| Untracked 
| 220|0x000000072fa00000, 0x000000072fa00000, 0x000000072fb00000|  0%| F|  |TAMS 0x000000072fa00000, 0x000000072fa00000| Untracked 
| 221|0x000000072fb00000, 0x000000072fb00000, 0x000000072fc00000|  0%| F|  |TAMS 0x000000072fb00000, 0x000000072fb00000| Untracked 
| 222|0x000000072fc00000, 0x000000072fc00000, 0x000000072fd00000|  0%| F|  |TAMS 0x000000072fc00000, 0x000000072fc00000| Untracked 
| 223|0x000000072fd00000, 0x000000072fd00000, 0x000000072fe00000|  0%| F|  |TAMS 0x000000072fd00000, 0x000000072fd00000| Untracked 

Card table byte_map: [0x00000298bbf40000,0x00000298bc640000] _byte_map_base: 0x00000298b8631000

Marking Bits (Prev, Next): (CMBitMap*) 0x00000298a4ebc950, (CMBitMap*) 0x00000298a4ebc918
 Prev Bits: [0x00000298c04d0000, 0x00000298c3c58000)
 Next Bits: [0x00000298bcd40000, 0x00000298c04c8000)

Polling page: 0x00000298a2e10000

Metaspace:

Usage:
  Non-class:     30.74 MB capacity,    30.57 MB (>99%) used,   118.77 KB ( <1%) free+waste,    50.25 KB ( <1%) overhead. 
      Class:      4.22 MB capacity,     4.06 MB ( 96%) used,   141.05 KB (  3%) free+waste,    22.38 KB ( <1%) overhead. 
       Both:     34.95 MB capacity,    34.63 MB (>99%) used,   259.82 KB ( <1%) free+waste,    72.63 KB ( <1%) overhead. 

Virtual space:
  Non-class space:       32.00 MB reserved,      30.83 MB ( 96%) committed 
      Class space:        1.00 GB reserved,       4.25 MB ( <1%) committed 
             Both:        1.03 GB reserved,      35.08 MB (  3%) committed 

Chunk freelists:
   Non-Class:  7.63 KB
       Class:  256 bytes
        Both:  7.88 KB

CodeHeap 'non-profiled nmethods': size=120000Kb used=1074Kb max_used=1074Kb free=118925Kb
 bounds [0x00000298b3fe0000, 0x00000298b4250000, 0x00000298bb510000]
CodeHeap 'profiled nmethods': size=120000Kb used=5198Kb max_used=5198Kb free=114801Kb
 bounds [0x00000298acab0000, 0x00000298acfd0000, 0x00000298b3fe0000]
CodeHeap 'non-nmethods': size=5760Kb used=1179Kb max_used=1259Kb free=4580Kb
 bounds [0x00000298ac510000, 0x00000298ac780000, 0x00000298acab0000]
 total_blobs=3197 nmethods=2683 adapters=425
 compilation: enabled
              stopped_count=0, restarted_count=0
 full_count=0

Compilation events (10 events):
Event: 3.638 Thread 0x00000298c7096800 nmethod 2689 0x00000298acfc0310 code [0x00000298acfc0600, 0x00000298acfc1cc8]
Event: 3.638 Thread 0x00000298c7096800 2690   !   3       java.lang.reflect.Proxy::newProxyInstance (75 bytes)
Event: 3.639 Thread 0x00000298c7096800 nmethod 2690 0x00000298acfc2290 code [0x00000298acfc2540, 0x00000298acfc3398]
Event: 3.639 Thread 0x00000298c703f000 nmethod 2678 0x00000298b40eb910 code [0x00000298b40ebaa0, 0x00000298b40ebc98]
Event: 3.639 Thread 0x00000298c703f000 2680       4       java.nio.HeapByteBuffer::get (14 bytes)
Event: 3.641 Thread 0x00000298c703f000 nmethod 2680 0x00000298b40ebe10 code [0x00000298b40ebf80, 0x00000298b40ec058]
Event: 3.641 Thread 0x00000298c703f000 2691       4       java.util.LinkedHashMap::get (33 bytes)
Event: 3.646 Thread 0x00000298c703f000 nmethod 2691 0x00000298b40ec190 code [0x00000298b40ec320, 0x00000298b40ec618]
Event: 3.647 Thread 0x00000298c703f000 2692       4       java.lang.CharacterDataLatin1::isWhitespace (23 bytes)
Event: 3.647 Thread 0x00000298c703f000 nmethod 2692 0x00000298b40ec890 code [0x00000298b40eca00, 0x00000298b40eca98]

GC Heap History (9 events):
Event: 0.654 GC heap before
{Heap before GC invocations=0 (full 0):
 garbage-first heap   total 229376K, used 27648K [0x0000000721e00000, 0x0000000800000000)
  region size 1024K, 24 young (24576K), 0 survivors (0K)
 Metaspace       used 12079K, capacity 12148K, committed 12288K, reserved 1060864K
  class space    used 1138K, capacity 1174K, committed 1280K, reserved 1048576K
}
Event: 0.658 GC heap after
{Heap after GC invocations=1 (full 0):
 garbage-first heap   total 229376K, used 5780K [0x0000000721e00000, 0x0000000800000000)
  region size 1024K, 3 young (3072K), 3 survivors (3072K)
 Metaspace       used 12079K, capacity 12148K, committed 12288K, reserved 1060864K
  class space    used 1138K, capacity 1174K, committed 1280K, reserved 1048576K
}
Event: 1.431 GC heap before
{Heap before GC invocations=1 (full 0):
 garbage-first heap   total 229376K, used 42644K [0x0000000721e00000, 0x0000000800000000)
  region size 1024K, 40 young (40960K), 3 survivors (3072K)
 Metaspace       used 20940K, capacity 21130K, committed 21296K, reserved 1069056K
  class space    used 2233K, capacity 2318K, committed 2432K, reserved 1048576K
}
Event: 1.441 GC heap after
{Heap after GC invocations=2 (full 0):
 garbage-first heap   total 229376K, used 9532K [0x0000000721e00000, 0x0000000800000000)
  region size 1024K, 7 young (7168K), 7 survivors (7168K)
 Metaspace       used 20940K, capacity 21130K, committed 21296K, reserved 1069056K
  class space    used 2233K, capacity 2318K, committed 2432K, reserved 1048576K
}
Event: 2.752 GC heap before
{Heap before GC invocations=3 (full 0):
 garbage-first heap   total 229376K, used 70972K [0x0000000721e00000, 0x0000000800000000)
  region size 1024K, 56 young (57344K), 7 survivors (7168K)
 Metaspace       used 30850K, capacity 31239K, committed 31408K, reserved 1077248K
  class space    used 3662K, capacity 3826K, committed 3840K, reserved 1048576K
}
Event: 2.774 GC heap after
{Heap after GC invocations=4 (full 0):
 garbage-first heap   total 229376K, used 32224K [0x0000000721e00000, 0x0000000800000000)
  region size 1024K, 7 young (7168K), 7 survivors (7168K)
 Metaspace       used 30850K, capacity 31239K, committed 31408K, reserved 1077248K
  class space    used 3662K, capacity 3826K, committed 3840K, reserved 1048576K
}
Event: 3.262 GC heap before
{Heap before GC invocations=4 (full 0):
 garbage-first heap   total 229376K, used 44512K [0x0000000721e00000, 0x0000000800000000)
  region size 1024K, 19 young (19456K), 7 survivors (7168K)
 Metaspace       used 33469K, capacity 33842K, committed 34096K, reserved 1079296K
  class space    used 3951K, capacity 4118K, committed 4224K, reserved 1048576K
}
Event: 3.271 GC heap after
{Heap after GC invocations=5 (full 0):
 garbage-first heap   total 229376K, used 32488K [0x0000000721e00000, 0x0000000800000000)
  region size 1024K, 2 young (2048K), 2 survivors (2048K)
 Metaspace       used 33469K, capacity 33842K, committed 34096K, reserved 1079296K
  class space    used 3951K, capacity 4118K, committed 4224K, reserved 1048576K
}
Event: 3.649 GC heap before
{Heap before GC invocations=5 (full 0):
 garbage-first heap   total 229376K, used 42728K [0x0000000721e00000, 0x0000000800000000)
  region size 1024K, 13 young (13312K), 2 survivors (2048K)
 Metaspace       used 35460K, capacity 35793K, committed 35920K, reserved 1081344K
  class space    used 4154K, capacity 4318K, committed 4352K, reserved 1048576K
}

Deoptimization events (10 events):
Event: 3.149 Thread 0x00000298a4e63800 Uncommon trap: reason=class_check action=maybe_recompile pc=0x00000298b409c918 method=java.util.AbstractList$Itr.hasNext()Z @ 8 c2
Event: 3.149 Thread 0x00000298a4e63800 Uncommon trap: reason=class_check action=maybe_recompile pc=0x00000298b409c918 method=java.util.AbstractList$Itr.hasNext()Z @ 8 c2
Event: 3.149 Thread 0x00000298a4e63800 Uncommon trap: reason=class_check action=maybe_recompile pc=0x00000298b409c918 method=java.util.AbstractList$Itr.hasNext()Z @ 8 c2
Event: 3.149 Thread 0x00000298a4e63800 Uncommon trap: reason=class_check action=maybe_recompile pc=0x00000298b409d704 method=java.util.AbstractList$Itr.next()Ljava/lang/Object; @ 14 c2
Event: 3.149 Thread 0x00000298a4e63800 Uncommon trap: reason=class_check action=maybe_recompile pc=0x00000298b409d704 method=java.util.AbstractList$Itr.next()Ljava/lang/Object; @ 14 c2
Event: 3.149 Thread 0x00000298a4e63800 Uncommon trap: reason=class_check action=maybe_recompile pc=0x00000298b409d704 method=java.util.AbstractList$Itr.next()Ljava/lang/Object; @ 14 c2
Event: 3.152 Thread 0x00000298a4e63800 Uncommon trap: reason=class_check action=maybe_recompile pc=0x00000298b40c878c method=org.jetbrains.kotlin.protobuf.CodedInputStream.tryRefillBuffer(I)Z @ 177 c2
Event: 3.152 Thread 0x00000298a4e63800 Uncommon trap: reason=class_check action=maybe_recompile pc=0x00000298b40c878c method=org.jetbrains.kotlin.protobuf.CodedInputStream.tryRefillBuffer(I)Z @ 177 c2
Event: 3.404 Thread 0x00000298a4e63800 Uncommon trap: reason=unstable_if action=reinterpret pc=0x00000298b4011ee8 method=java.util.concurrent.ConcurrentHashMap.get(Ljava/lang/Object;)Ljava/lang/Object; @ 76 c2
Event: 3.487 Thread 0x00000298a4e63800 Uncommon trap: reason=unstable_if action=reinterpret pc=0x00000298b40a1688 method=org.jetbrains.kotlin.com.intellij.util.SmartList.get(I)Ljava/lang/Object; @ 13 c2

Classes redefined (0 events):
No events

Internal exceptions (10 events):
Event: 1.734 Thread 0x00000298a4e63800 Exception <a 'java/lang/NoSuchMethodError'{0x000000072f082350}: java.lang.invoke.DirectMethodHandle$Holder.invokeStatic(Ljava/lang/Object;Ljava/lang/Object;Ljava/lang/Object;Ljava/lang/Object;)V> (0x000000072f082350) thrown at [./open/src/hotspot/share/in
Event: 1.758 Thread 0x00000298a4e63800 Exception <a 'java/lang/NoSuchMethodError'{0x000000072efd1d40}: java.lang.invoke.DirectMethodHandle$Holder.invokeSpecial(Ljava/lang/Object;Ljava/lang/Object;)V> (0x000000072efd1d40) thrown at [./open/src/hotspot/share/interpreter/linkResolver.cpp, line 77
Event: 1.799 Thread 0x00000298a4e63800 Exception <a 'java/lang/NoSuchMethodError'{0x000000072ec755d0}: java.lang.invoke.DirectMethodHandle$Holder.invokeStaticInit(Ljava/lang/Object;Ljava/lang/Object;)V> (0x000000072ec755d0) thrown at [./open/src/hotspot/share/interpreter/linkResolver.cpp, line
Event: 1.807 Thread 0x00000298a4e63800 Exception <a 'java/lang/NoSuchMethodError'{0x000000072ecb3d10}: java.lang.invoke.DirectMethodHandle$Holder.invokeInterface(Ljava/lang/Object;Ljava/lang/Object;)V> (0x000000072ecb3d10) thrown at [./open/src/hotspot/share/interpreter/linkResolver.cpp, line 
Event: 1.887 Thread 0x00000298a4e63800 Exception <a 'java/lang/NoSuchMethodError'{0x000000072e8cf4d8}: java.lang.invoke.DirectMethodHandle$Holder.invokeVirtual(Ljava/lang/Object;Ljava/lang/Object;)V> (0x000000072e8cf4d8) thrown at [./open/src/hotspot/share/interpreter/linkResolver.cpp, line 77
Event: 1.898 Thread 0x00000298a4e63800 Exception <a 'java/lang/NoSuchMethodError'{0x000000072e746c58}: java.lang.invoke.DirectMethodHandle$Holder.invokeVirtual(Ljava/lang/Object;Ljava/lang/Object;)I> (0x000000072e746c58) thrown at [./open/src/hotspot/share/interpreter/linkResolver.cpp, line 77
Event: 2.527 Thread 0x00000298a4e63800 Implicit null exception at 0x00000298b4045554 to 0x00000298b4045784
Event: 2.529 Thread 0x00000298a4e63800 Implicit null exception at 0x00000298b403c458 to 0x00000298b403c4ea
Event: 2.530 Thread 0x00000298a4e63800 Implicit null exception at 0x00000298b401a5af to 0x00000298b401a629
Event: 3.111 Thread 0x00000298a4e63800 Exception <a 'java/lang/NoSuchMethodError'{0x000000072f52ae10}: java.lang.invoke.DirectMethodHandle$Holder.invokeVirtual(Ljava/lang/Object;Ljava/lang/Object;Ljava/lang/Object;)Ljava/lang/Object;> (0x000000072f52ae10) thrown at [./open/src/hotspot/share/in

Events (10 events):
Event: 3.645 loading class org/jetbrains/kotlin/resolve/calls/smartcasts/DataFlowInfo done
Event: 3.645 loading class org/jetbrains/kotlin/types/expressions/ExpressionTypingContext
Event: 3.645 loading class org/jetbrains/kotlin/types/expressions/ExpressionTypingContext done
Event: 3.646 loading class org/jetbrains/kotlin/resolve/TopDownAnalysisContext
Event: 3.646 loading class org/jetbrains/kotlin/resolve/TopDownAnalysisContext done
Event: 3.646 loading class org/jetbrains/kotlin/resolve/BodiesResolveContext
Event: 3.646 loading class org/jetbrains/kotlin/resolve/BodiesResolveContext done
Event: 3.647 loading class org/jetbrains/kotlin/resolve/calls/CallResolver
Event: 3.647 loading class org/jetbrains/kotlin/resolve/calls/CallResolver done
Event: 3.649 Executing VM operation: CollectForMetadataAllocation


Dynamic libraries:
0x00007ff758c50000 - 0x00007ff758c5f000 	C:\Program Files\Java\jdk-11.0.15\bin\java.exe
0x00007ffcc3290000 - 0x00007ffcc3485000 	C:\WINDOWS\SYSTEM32\ntdll.dll
0x00007ffcc1550000 - 0x00007ffcc160d000 	C:\WINDOWS\System32\KERNEL32.DLL
0x00007ffcc1010000 - 0x00007ffcc12dd000 	C:\WINDOWS\System32\KERNELBASE.dll
0x00007ffcc0db0000 - 0x00007ffcc0eb0000 	C:\WINDOWS\System32\ucrtbase.dll
0x00007ffcb30c0000 - 0x00007ffcb30d8000 	C:\Program Files\Java\jdk-11.0.15\bin\jli.dll
0x00007ffcb30a0000 - 0x00007ffcb30b5000 	C:\Program Files\Java\jdk-11.0.15\bin\VCRUNTIME140.dll
0x00007ffcc1490000 - 0x00007ffcc153e000 	C:\WINDOWS\System32\ADVAPI32.dll
0x00007ffcc2440000 - 0x00007ffcc24de000 	C:\WINDOWS\System32\msvcrt.dll
0x00007ffcc2f70000 - 0x00007ffcc300c000 	C:\WINDOWS\System32\sechost.dll
0x00007ffcc24e0000 - 0x00007ffcc2605000 	C:\WINDOWS\System32\RPCRT4.dll
0x00007ffcc22a0000 - 0x00007ffcc2440000 	C:\WINDOWS\System32\USER32.dll
0x00007ffcaff70000 - 0x00007ffcb020a000 	C:\WINDOWS\WinSxS\amd64_microsoft.windows.common-controls_6595b64144ccf1df_6.0.19041.1110_none_60b5254171f9507e\COMCTL32.dll
0x00007ffcc0ba0000 - 0x00007ffcc0bc2000 	C:\WINDOWS\System32\win32u.dll
0x00007ffcc2870000 - 0x00007ffcc289a000 	C:\WINDOWS\System32\GDI32.dll
0x00007ffcc0eb0000 - 0x00007ffcc0fbb000 	C:\WINDOWS\System32\gdi32full.dll
0x00007ffcc0b00000 - 0x00007ffcc0b9d000 	C:\WINDOWS\System32\msvcp_win.dll
0x00007ffcb89a0000 - 0x00007ffcb89aa000 	C:\WINDOWS\SYSTEM32\VERSION.dll
0x00007ffcc2f40000 - 0x00007ffcc2f70000 	C:\WINDOWS\System32\IMM32.DLL
0x00007ffc4b250000 - 0x00007ffc4b2eb000 	C:\Program Files\Java\jdk-11.0.15\bin\msvcp140.dll
0x00007ffc4a730000 - 0x00007ffc4b246000 	C:\Program Files\Java\jdk-11.0.15\bin\server\jvm.dll
0x00007ffcc1540000 - 0x00007ffcc1548000 	C:\WINDOWS\System32\PSAPI.DLL
0x00007ffcb6be0000 - 0x00007ffcb6c07000 	C:\WINDOWS\SYSTEM32\WINMM.dll
0x00007ffca8dd0000 - 0x00007ffca8dd9000 	C:\WINDOWS\SYSTEM32\WSOCK32.dll
0x00007ffcc29c0000 - 0x00007ffcc2a2b000 	C:\WINDOWS\System32\WS2_32.dll
0x00007ffcbe8d0000 - 0x00007ffcbe8e2000 	C:\WINDOWS\SYSTEM32\kernel.appcore.dll
0x00007ffcb31b0000 - 0x00007ffcb31c0000 	C:\Program Files\Java\jdk-11.0.15\bin\verify.dll
0x00007ffcbe680000 - 0x00007ffcbe864000 	C:\WINDOWS\SYSTEM32\DBGHELP.DLL
0x00007ffcaac80000 - 0x00007ffcaacac000 	C:\WINDOWS\SYSTEM32\dbgcore.DLL
0x00007ffcc0c40000 - 0x00007ffcc0cc2000 	C:\WINDOWS\System32\bcryptPrimitives.dll
0x00007ffcaee00000 - 0x00007ffcaee28000 	C:\Program Files\Java\jdk-11.0.15\bin\java.dll
0x00007ffca0ca0000 - 0x00007ffca0caa000 	C:\Program Files\Java\jdk-11.0.15\bin\jimage.dll
0x00007ffca0c80000 - 0x00007ffca0c96000 	C:\Program Files\Java\jdk-11.0.15\bin\zip.dll
0x00007ffcc1610000 - 0x00007ffcc1d54000 	C:\WINDOWS\System32\SHELL32.dll
0x00007ffcbea40000 - 0x00007ffcbf1d4000 	C:\WINDOWS\SYSTEM32\windows.storage.dll
0x00007ffcc2a30000 - 0x00007ffcc2d84000 	C:\WINDOWS\System32\combase.dll
0x00007ffcc02b0000 - 0x00007ffcc02dc000 	C:\WINDOWS\SYSTEM32\Wldp.dll
0x00007ffcc30a0000 - 0x00007ffcc314d000 	C:\WINDOWS\System32\SHCORE.dll
0x00007ffcc31d0000 - 0x00007ffcc3225000 	C:\WINDOWS\System32\shlwapi.dll
0x00007ffcc08e0000 - 0x00007ffcc08ff000 	C:\WINDOWS\SYSTEM32\profapi.dll
0x00007ffc878e0000 - 0x00007ffc878f9000 	C:\Program Files\Java\jdk-11.0.15\bin\net.dll
0x00007ffcb4b50000 - 0x00007ffcb4c5a000 	C:\WINDOWS\SYSTEM32\WINHTTP.dll
0x00007ffcc0090000 - 0x00007ffcc00fa000 	C:\WINDOWS\system32\mswsock.dll
0x00007ffc878c0000 - 0x00007ffc878d2000 	C:\Program Files\Java\jdk-11.0.15\bin\nio.dll

dbghelp: loaded successfully - version: 4.0.5 - missing functions: none
symbol engine: initialized successfully - sym options: 0x614 - pdb path: .;C:\Program Files\Java\jdk-11.0.15\bin;C:\WINDOWS\SYSTEM32;C:\WINDOWS\WinSxS\amd64_microsoft.windows.common-controls_6595b64144ccf1df_6.0.19041.1110_none_60b5254171f9507e;C:\Program Files\Java\jdk-11.0.15\bin\server

VM Arguments:
java_command: org.jetbrains.kotlin.cli.jvm.K2JVMCompiler @C:\Users\white\Documents\AMK LAB\react-native\crud - Copy\node_modules\react-native-gesture-handler\android\build\20220606_2342583103035110394.compiler.options
java_class_path (initial): C:\Users\white\.gradle\caches\modules-2\files-2.1\org.jetbrains.kotlin\kotlin-compiler-embeddable\1.5.20\1900e8b9aca0a9caffd45b99b36e3720a0a284f8\kotlin-compiler-embeddable-1.5.20.jar;C:\Users\white\.gradle\caches\modules-2\files-2.1\org.jetbrains.kotlin\kotlin-reflect\1.5.20\63810951f09a27f7827977f1bc21094042a915e\kotlin-reflect-1.5.20.jar;C:\Users\white\.gradle\caches\modules-2\files-2.1\org.jetbrains.kotlin\kotlin-stdlib\1.5.20\9de35cc611bcecec8edce1d56d8e659953806751\kotlin-stdlib-1.5.20.jar;C:\Users\white\.gradle\caches\modules-2\files-2.1\org.jetbrains.kotlin\kotlin-script-runtime\1.5.20\4381bb58d37b84d4d1afe55ec35542dd9b77e101\kotlin-script-runtime-1.5.20.jar;C:\Users\white\.gradle\caches\modules-2\files-2.1\org.jetbrains.kotlin\kotlin-daemon-embeddable\1.5.20\36c38cda019834dcd2959cc33a12768adcd94256\kotlin-daemon-embeddable-1.5.20.jar;C:\Users\white\.gradle\caches\modules-2\files-2.1\org.jetbrains.intellij.deps\trove4j\1.0.20181211\216c2e14b070f334479d800987affe4054cd563f\trove4j-1.0.20181211.jar;C:\Users\white\.gradle\caches\modules-2\files-2.1\org.jetbrains\annotations\13.0\919f0dfe192fb4e063e7dacadee7f8bb9a2672a9\annotations-13.0.jar;C:\Users\white\.gradle\caches\modules-2\files-2.1\org.jetbrains.kotlin\kotlin-stdlib-common\1.5.20\3d79dbd48bf605f4aac1e7028981a1953e245cbb\kotlin-stdlib-common-1.5.20.jar
Launcher Type: SUN_STANDARD

[Global flags]
     intx CICompilerCount                          = 4                                         {product} {ergonomic}
     uint ConcGCThreads                            = 2                                         {product} {ergonomic}
     uint G1ConcRefinementThreads                  = 8                                         {product} {ergonomic}
   size_t G1HeapRegionSize                         = 1048576                                   {product} {ergonomic}
    uintx GCDrainStackTargetSize                   = 64                                        {product} {ergonomic}
   size_t InitialHeapSize                          = 234881024                                 {product} {ergonomic}
   size_t MarkStackSize                            = 4194304                                   {product} {ergonomic}
   size_t MaxHeapSize                              = 3726639104                                {product} {ergonomic}
   size_t MaxNewSize                               = 2235564032                                {product} {ergonomic}
   size_t MinHeapDeltaBytes                        = 1048576                                   {product} {ergonomic}
    uintx NonNMethodCodeHeapSize                   = 5836300                                {pd product} {ergonomic}
    uintx NonProfiledCodeHeapSize                  = 122910970                              {pd product} {ergonomic}
    uintx ProfiledCodeHeapSize                     = 122910970                              {pd product} {ergonomic}
    uintx ReservedCodeCacheSize                    = 251658240                              {pd product} {ergonomic}
     bool SegmentedCodeCache                       = true                                      {product} {ergonomic}
     bool UseCompressedClassPointers               = true                                 {lp64_product} {ergonomic}
     bool UseCompressedOops                        = true                                 {lp64_product} {ergonomic}
     bool UseG1GC                                  = true                                      {product} {ergonomic}
     bool UseLargePagesIndividualAllocation        = false                                  {pd product} {ergonomic}

Logging:
Log output configuration:
 #0: stdout all=warning uptime,level,tags
 #1: stderr all=off uptime,level,tags

Environment Variables:
JAVA_HOME=C:\Program Files\Java\jdk-11.0.15
CLASSPATH=C:\Users\white\Documents\AMK LAB\react-native\crud - Copy\android\\gradle\wrapper\gradle-wrapper.jar
PATH=C:\Users\white\Documents\AMK LAB\react-native\crud - Copy\android\node_modules\.bin;C:\Users\white\Documents\AMK LAB\react-native\crud - Copy\node_modules\.bin;C:\Users\white\Documents\AMK LAB\react-native\node_modules\.bin;C:\Users\white\Documents\AMK LAB\node_modules\.bin;C:\Users\white\Documents\node_modules\.bin;C:\Users\white\node_modules\.bin;C:\Users\node_modules\.bin;C:\node_modules\.bin;C:\Program Files\nodejs;C:\Program Files\Git\mingw64\bin;C:\Program Files\Git\usr\bin;C:\Users\white\bin;C:\Users\white\AppData\Local\Temp\yarn--1654502409443-0.8678106434523467;C:\Users\white\Documents\AMK LAB\react-native\crud - Copy\node_modules\.bin;C:\Users\white\AppData\Local\Yarn\Data\link\node_modules\.bin;C:\Users\white\AppData\Local\Yarn\bin;C:\Program Files\libexec\lib\node_modules\npm\bin\node-gyp-bin;C:\Program Files\lib\node_modules\npm\bin\node-gyp-bin;C:\Program Files\nodejs\node_modules\npm\bin\node-gyp-bin;C:\Program Files\Common Files\Oracle\Java\javapath;C:\Program Files (x86)\Common Files\Oracle\Java\javapath;C:\WINDOWS\system32;C:\WINDOWS;C:\WINDOWS\System32\Wbem;C:\WINDOWS\System32\WindowsPowerShell\v1.0;C:\WINDOWS\System32\OpenSSH;C:\Program Files\Git\cmd;C:\Program Files\PostgreSQL\10\bin;C:\Program Files (x86)\dotnet;C:\Program Files\Java\jdk-11.0.15;C:\Users\white\AppData\Local\Android\Sdk\platform-tools;C:\Users\white\AppData\Local\Android\Sdk\emulator;C:\Users\white\AppData\Local\Android\Sdk;C:\Program Files\nodejs;C:\Program Files\Java\jdk-11.0.15;C:\Users\white\AppData\Local\.meteor\;C:\Program Files\Git\mingw64\bin;C:\Program Files\Git\usr\bin;C:\Users\white\bin;C:\Program Files\nodejs\node_modules\npm\node_modules\npm-lifecycle\node-gyp-bin;C:\Users\white\AppData\Roaming\npm\node_modules\meteor\node_modules\.bin;C:\Users\white\AppData\Roaming\npm\node_modules\.bin;C:\WINDOWS\system32;C:\WINDOWS;C:\WINDOWS\System32\Wbem;C:\WINDOWS\System32\WindowsPowerShell\v1.0;C:\WINDOWS\System32\OpenSSH;C:\Program Files\Git\cmd;C:\Program Files\PostgreSQL
USERNAME=white
OS=Windows_NT
PROCESSOR_IDENTIFIER=AMD64 Family 23 Model 24 Stepping 1, AuthenticAMD



---------------  S Y S T E M  ---------------

OS: Windows 10 , 64 bit Build 19041 (10.0.19041.1706)
Hyper-V role detected

CPU:total 8 (initial active 8) (8 cores per cpu, 2 threads per core) family 23 model 24 stepping 1 microcode 0x0, cmov, cx8, fxsr, mmx, sse, sse2, sse3, ssse3, sse4.1, sse4.2, popcnt, avx, avx2, aes, clmul, mmxext, 3dnowpref, lzcnt, sse4a, ht, tsc, tscinvbit, tscinv, bmi1, bmi2, adx, s

Memory: 4k page, system-wide physical 14213M (1367M free)
TotalPageFile size 14213M (AvailPageFile size 20M)
current process WorkingSet (physical memory assigned to process): 220M, peak: 220M
current process commit charge ("private bytes"): 394M, peak: 439M

vm_info: Java HotSpot(TM) 64-Bit Server VM (11.0.15+8-LTS-149) for windows-amd64 JRE (11.0.15+8-LTS-149), built on Mar  9 2022 22:42:32 by "mach5one" with MS VC++ 15.9 (VS2017)

END.
