#
# There is insufficient memory for the Java Runtime Environment to continue.
# Native memory allocation (malloc) failed to allocate 154096 bytes for Chunk::new
# Possible reasons:
#   The system is out of physical RAM or swap space
#   The process is running with CompressedOops enabled, and the Java Heap may be blocking the growth of the native heap
# Possible solutions:
#   Reduce memory load on the system
#   Increase physical memory or swap space
#   Check if swap backing store is full
#   Decrease Java heap size (-Xmx/-Xms)
#   Decrease number of Java threads
#   Decrease Java thread stack sizes (-Xss)
#   Set larger code cache with -XX:ReservedCodeCacheSize=
#   JVM is running with Unscaled Compressed Oops mode in which the Java heap is
#     placed in the first 4GB address space. The Java Heap base address is the
#     maximum limit for the native heap growth. Please use -XX:HeapBaseMinAddress
#     to set the Java Heap base and to place the Java Heap above 4GB virtual address.
# This output file may be truncated or incomplete.
#
#  Out of Memory Error (./open/src/hotspot/share/memory/arena.cpp:197), pid=21292, tid=15808
#
# JRE version: Java(TM) SE Runtime Environment 18.9 (11.0.15+8) (build 11.0.15+8-LTS-149)
# Java VM: Java HotSpot(TM) 64-Bit Server VM 18.9 (11.0.15+8-LTS-149, mixed mode, tiered, compressed oops, g1 gc, windows-amd64)
# No core dump will be written. Minidumps are not enabled by default on client versions of Windows
#

---------------  S U M M A R Y ------------

Command Line: -Xmx64m -Xms64m -Dorg.gradle.appname=gradlew org.gradle.wrapper.GradleWrapperMain app:installDebug -PreactNativeDevServerPort=8081

Host: AMD Ryzen 5 3500U with Radeon Vega Mobile Gfx  , 8 cores, 13G,  Windows 10 , 64 bit Build 19041 (10.0.19041.1806)
Time: Tue Jul 19 13:50:32 2022 FLE Daylight Time elapsed time: 1.179458 seconds (0d 0h 0m 1s)

---------------  T H R E A D  ---------------

Current thread (0x00000235987a3800):  JavaThread "C2 CompilerThread0" daemon [_thread_in_native, id=15808, stack(0x0000006b2cc00000,0x0000006b2cd00000)]


Current CompileTask:
C2:   1179  653       4       java.util.zip.ZipFile$Source::getEntryPos (206 bytes)

Stack: [0x0000006b2cc00000,0x0000006b2cd00000]
Native frames: (J=compiled Java code, j=interpreted, Vv=VM code, C=native code)
V  [jvm.dll+0x629d8a]
V  [jvm.dll+0x7638ff]
V  [jvm.dll+0x764fa9]
V  [jvm.dll+0x765633]
V  [jvm.dll+0x23d9c8]
V  [jvm.dll+0xb2a1c]
V  [jvm.dll+0xb2fdc]
V  [jvm.dll+0x341047]
V  [jvm.dll+0x30e9b3]
V  [jvm.dll+0x30dcfa]
V  [jvm.dll+0x1f8565]
V  [jvm.dll+0x1f774d]
V  [jvm.dll+0x177c51]
V  [jvm.dll+0x207026]
V  [jvm.dll+0x2051bb]
V  [jvm.dll+0x729820]
V  [jvm.dll+0x7223f4]
V  [jvm.dll+0x628c26]
C  [ucrtbase.dll+0x21bb2]
C  [KERNEL32.DLL+0x17034]
C  [ntdll.dll+0x52651]


---------------  P R O C E S S  ---------------

Threads class SMR info:
_java_thread_list=0x0000023598b1aa80, length=10, elements={
0x00000235fe80e800, 0x0000023598734000, 0x000002359873d800, 0x0000023598794000,
0x0000023598796000, 0x0000023598797800, 0x00000235987a3800, 0x00000235987aa800,
0x00000235987ab800, 0x000002359892f800
}

Java Threads: ( => current thread )
  0x00000235fe80e800 JavaThread "main" [_thread_in_vm, id=10324, stack(0x0000006b2c000000,0x0000006b2c100000)]
  0x0000023598734000 JavaThread "Reference Handler" daemon [_thread_blocked, id=11824, stack(0x0000006b2c700000,0x0000006b2c800000)]
  0x000002359873d800 JavaThread "Finalizer" daemon [_thread_blocked, id=7472, stack(0x0000006b2c800000,0x0000006b2c900000)]
  0x0000023598794000 JavaThread "Signal Dispatcher" daemon [_thread_blocked, id=18812, stack(0x0000006b2c900000,0x0000006b2ca00000)]
  0x0000023598796000 JavaThread "Attach Listener" daemon [_thread_blocked, id=22364, stack(0x0000006b2ca00000,0x0000006b2cb00000)]
  0x0000023598797800 JavaThread "Service Thread" daemon [_thread_blocked, id=14920, stack(0x0000006b2cb00000,0x0000006b2cc00000)]
=>0x00000235987a3800 JavaThread "C2 CompilerThread0" daemon [_thread_in_native, id=15808, stack(0x0000006b2cc00000,0x0000006b2cd00000)]
  0x00000235987aa800 JavaThread "C1 CompilerThread0" daemon [_thread_blocked, id=7196, stack(0x0000006b2cd00000,0x0000006b2ce00000)]
  0x00000235987ab800 JavaThread "Sweeper thread" daemon [_thread_blocked, id=284, stack(0x0000006b2ce00000,0x0000006b2cf00000)]
  0x000002359892f800 JavaThread "Common-Cleaner" daemon [_thread_blocked, id=4428, stack(0x0000006b2d000000,0x0000006b2d100000)]

Other Threads:
  0x000002359870f000 VMThread "VM Thread" [stack: 0x0000006b2c600000,0x0000006b2c700000] [id=19612]
  0x000002359892b000 WatcherThread [stack: 0x0000006b2cf00000,0x0000006b2d000000] [id=9668]
  0x00000235fe822000 GCTaskThread "GC Thread#0" [stack: 0x0000006b2c100000,0x0000006b2c200000] [id=9244]
  0x00000235fe828000 ConcurrentGCThread "G1 Main Marker" [stack: 0x0000006b2c200000,0x0000006b2c300000] [id=21420]
  0x00000235fe82b800 ConcurrentGCThread "G1 Conc#0" [stack: 0x0000006b2c300000,0x0000006b2c400000] [id=1208]
  0x00000235fe897000 ConcurrentGCThread "G1 Refine#0" [stack: 0x0000006b2c400000,0x0000006b2c500000] [id=5216]
  0x00000235fe898000 ConcurrentGCThread "G1 Young RemSet Sampling" [stack: 0x0000006b2c500000,0x0000006b2c600000] [id=3540]

Threads with active compile tasks:
C2 CompilerThread0   1215  653       4       java.util.zip.ZipFile$Source::getEntryPos (206 bytes)

VM state:not at safepoint (normal execution)

VM Mutex/Monitor currently owned by a thread: None

OutOfMemory and StackOverflow Exception counts:
OutOfMemoryError java_heap_errors=5
LinkageErrors=3

Heap address: 0x00000000fc000000, size: 64 MB, Compressed Oops mode: 32-bit
Narrow klass base: 0x0000000000000000, Narrow klass shift: 3
Compressed class space size: 1073741824 Address: 0x0000000100000000

Heap:
 garbage-first heap   total 65536K, used 22528K [0x00000000fc000000, 0x0000000100000000)
  region size 1024K, 18 young (18432K), 0 survivors (0K)
 Metaspace       used 8276K, capacity 8416K, committed 8576K, reserved 1056768K
  class space    used 760K, capacity 822K, committed 896K, reserved 1048576K
Heap Regions: E=young(eden), S=young(survivor), O=old, HS=humongous(starts), HC=humongous(continues), CS=collection set, F=free, A=archive, TAMS=top-at-mark-start (previous, next)
|   0|0x00000000fc000000, 0x00000000fc100000, 0x00000000fc100000|100%|HS|  |TAMS 0x00000000fc000000, 0x00000000fc000000| Complete 
|   1|0x00000000fc100000, 0x00000000fc200000, 0x00000000fc200000|100%|HC|  |TAMS 0x00000000fc100000, 0x00000000fc100000| Complete 
|   2|0x00000000fc200000, 0x00000000fc300000, 0x00000000fc300000|100%|HC|  |TAMS 0x00000000fc200000, 0x00000000fc200000| Complete 
|   3|0x00000000fc300000, 0x00000000fc400000, 0x00000000fc400000|100%|HS|  |TAMS 0x00000000fc300000, 0x00000000fc300000| Complete 
|   4|0x00000000fc400000, 0x00000000fc500000, 0x00000000fc500000|100%|HC|  |TAMS 0x00000000fc400000, 0x00000000fc400000| Complete 
|   5|0x00000000fc500000, 0x00000000fc600000, 0x00000000fc600000|100%|HC|  |TAMS 0x00000000fc500000, 0x00000000fc500000| Complete 
|   6|0x00000000fc600000, 0x00000000fc600000, 0x00000000fc700000|  0%| F|  |TAMS 0x00000000fc600000, 0x00000000fc600000| Untracked 
|   7|0x00000000fc700000, 0x00000000fc700000, 0x00000000fc800000|  0%| F|  |TAMS 0x00000000fc700000, 0x00000000fc700000| Untracked 
|   8|0x00000000fc800000, 0x00000000fc800000, 0x00000000fc900000|  0%| F|  |TAMS 0x00000000fc800000, 0x00000000fc800000| Untracked 
|   9|0x00000000fc900000, 0x00000000fc900000, 0x00000000fca00000|  0%| F|  |TAMS 0x00000000fc900000, 0x00000000fc900000| Untracked 
|  10|0x00000000fca00000, 0x00000000fca00000, 0x00000000fcb00000|  0%| F|  |TAMS 0x00000000fca00000, 0x00000000fca00000| Untracked 
|  11|0x00000000fcb00000, 0x00000000fcb00000, 0x00000000fcc00000|  0%| F|  |TAMS 0x00000000fcb00000, 0x00000000fcb00000| Untracked 
|  12|0x00000000fcc00000, 0x00000000fcc00000, 0x00000000fcd00000|  0%| F|  |TAMS 0x00000000fcc00000, 0x00000000fcc00000| Untracked 
|  13|0x00000000fcd00000, 0x00000000fcd00000, 0x00000000fce00000|  0%| F|  |TAMS 0x00000000fcd00000, 0x00000000fcd00000| Untracked 
|  14|0x00000000fce00000, 0x00000000fce00000, 0x00000000fcf00000|  0%| F|  |TAMS 0x00000000fce00000, 0x00000000fce00000| Untracked 
|  15|0x00000000fcf00000, 0x00000000fcf00000, 0x00000000fd000000|  0%| F|  |TAMS 0x00000000fcf00000, 0x00000000fcf00000| Untracked 
|  16|0x00000000fd000000, 0x00000000fd000000, 0x00000000fd100000|  0%| F|  |TAMS 0x00000000fd000000, 0x00000000fd000000| Untracked 
|  17|0x00000000fd100000, 0x00000000fd100000, 0x00000000fd200000|  0%| F|  |TAMS 0x00000000fd100000, 0x00000000fd100000| Untracked 
|  18|0x00000000fd200000, 0x00000000fd200000, 0x00000000fd300000|  0%| F|  |TAMS 0x00000000fd200000, 0x00000000fd200000| Untracked 
|  19|0x00000000fd300000, 0x00000000fd300000, 0x00000000fd400000|  0%| F|  |TAMS 0x00000000fd300000, 0x00000000fd300000| Untracked 
|  20|0x00000000fd400000, 0x00000000fd400000, 0x00000000fd500000|  0%| F|  |TAMS 0x00000000fd400000, 0x00000000fd400000| Untracked 
|  21|0x00000000fd500000, 0x00000000fd500000, 0x00000000fd600000|  0%| F|  |TAMS 0x00000000fd500000, 0x00000000fd500000| Untracked 
|  22|0x00000000fd600000, 0x00000000fd600000, 0x00000000fd700000|  0%| F|  |TAMS 0x00000000fd600000, 0x00000000fd600000| Untracked 
|  23|0x00000000fd700000, 0x00000000fd700000, 0x00000000fd800000|  0%| F|  |TAMS 0x00000000fd700000, 0x00000000fd700000| Untracked 
|  24|0x00000000fd800000, 0x00000000fd800000, 0x00000000fd900000|  0%| F|  |TAMS 0x00000000fd800000, 0x00000000fd800000| Untracked 
|  25|0x00000000fd900000, 0x00000000fd900000, 0x00000000fda00000|  0%| F|  |TAMS 0x00000000fd900000, 0x00000000fd900000| Untracked 
|  26|0x00000000fda00000, 0x00000000fda00000, 0x00000000fdb00000|  0%| F|  |TAMS 0x00000000fda00000, 0x00000000fda00000| Untracked 
|  27|0x00000000fdb00000, 0x00000000fdb00000, 0x00000000fdc00000|  0%| F|  |TAMS 0x00000000fdb00000, 0x00000000fdb00000| Untracked 
|  28|0x00000000fdc00000, 0x00000000fdc00000, 0x00000000fdd00000|  0%| F|  |TAMS 0x00000000fdc00000, 0x00000000fdc00000| Untracked 
|  29|0x00000000fdd00000, 0x00000000fdd00000, 0x00000000fde00000|  0%| F|  |TAMS 0x00000000fdd00000, 0x00000000fdd00000| Untracked 
|  30|0x00000000fde00000, 0x00000000fde00000, 0x00000000fdf00000|  0%| F|  |TAMS 0x00000000fde00000, 0x00000000fde00000| Untracked 
|  31|0x00000000fdf00000, 0x00000000fdf00000, 0x00000000fe000000|  0%| F|  |TAMS 0x00000000fdf00000, 0x00000000fdf00000| Untracked 
|  32|0x00000000fe000000, 0x00000000fe000000, 0x00000000fe100000|  0%| F|  |TAMS 0x00000000fe000000, 0x00000000fe000000| Untracked 
|  33|0x00000000fe100000, 0x00000000fe100000, 0x00000000fe200000|  0%| F|  |TAMS 0x00000000fe100000, 0x00000000fe100000| Untracked 
|  34|0x00000000fe200000, 0x00000000fe200000, 0x00000000fe300000|  0%| F|  |TAMS 0x00000000fe200000, 0x00000000fe200000| Untracked 
|  35|0x00000000fe300000, 0x00000000fe300000, 0x00000000fe400000|  0%| F|  |TAMS 0x00000000fe300000, 0x00000000fe300000| Untracked 
|  36|0x00000000fe400000, 0x00000000fe400000, 0x00000000fe500000|  0%| F|  |TAMS 0x00000000fe400000, 0x00000000fe400000| Untracked 
|  37|0x00000000fe500000, 0x00000000fe500000, 0x00000000fe600000|  0%| F|  |TAMS 0x00000000fe500000, 0x00000000fe500000| Untracked 
|  38|0x00000000fe600000, 0x00000000fe600000, 0x00000000fe700000|  0%| F|  |TAMS 0x00000000fe600000, 0x00000000fe600000| Untracked 
|  39|0x00000000fe700000, 0x00000000fe700000, 0x00000000fe800000|  0%| F|  |TAMS 0x00000000fe700000, 0x00000000fe700000| Untracked 
|  40|0x00000000fe800000, 0x00000000fe800000, 0x00000000fe900000|  0%| F|  |TAMS 0x00000000fe800000, 0x00000000fe800000| Untracked 
|  41|0x00000000fe900000, 0x00000000fe900000, 0x00000000fea00000|  0%| F|  |TAMS 0x00000000fe900000, 0x00000000fe900000| Untracked 
|  42|0x00000000fea00000, 0x00000000fea00000, 0x00000000feb00000|  0%| F|  |TAMS 0x00000000fea00000, 0x00000000fea00000| Untracked 
|  43|0x00000000feb00000, 0x00000000feb00000, 0x00000000fec00000|  0%| F|  |TAMS 0x00000000feb00000, 0x00000000feb00000| Untracked 
|  44|0x00000000fec00000, 0x00000000fec00000, 0x00000000fed00000|  0%| F|  |TAMS 0x00000000fec00000, 0x00000000fec00000| Untracked 
|  45|0x00000000fed00000, 0x00000000fed00000, 0x00000000fee00000|  0%| F|  |TAMS 0x00000000fed00000, 0x00000000fed00000| Untracked 
|  46|0x00000000fee00000, 0x00000000fee7b630, 0x00000000fef00000| 48%| E|  |TAMS 0x00000000fee00000, 0x00000000fee00000| Complete 
|  47|0x00000000fef00000, 0x00000000ff000000, 0x00000000ff000000|100%| E|CS|TAMS 0x00000000fef00000, 0x00000000fef00000| Complete 
|  48|0x00000000ff000000, 0x00000000ff100000, 0x00000000ff100000|100%| E|CS|TAMS 0x00000000ff000000, 0x00000000ff000000| Complete 
|  49|0x00000000ff100000, 0x00000000ff200000, 0x00000000ff200000|100%| E|CS|TAMS 0x00000000ff100000, 0x00000000ff100000| Complete 
|  50|0x00000000ff200000, 0x00000000ff300000, 0x00000000ff300000|100%| E|  |TAMS 0x00000000ff200000, 0x00000000ff200000| Complete 
|  51|0x00000000ff300000, 0x00000000ff400000, 0x00000000ff400000|100%| E|CS|TAMS 0x00000000ff300000, 0x00000000ff300000| Complete 
|  52|0x00000000ff400000, 0x00000000ff500000, 0x00000000ff500000|100%| E|CS|TAMS 0x00000000ff400000, 0x00000000ff400000| Complete 
|  53|0x00000000ff500000, 0x00000000ff600000, 0x00000000ff600000|100%| E|CS|TAMS 0x00000000ff500000, 0x00000000ff500000| Complete 
|  54|0x00000000ff600000, 0x00000000ff700000, 0x00000000ff700000|100%| E|CS|TAMS 0x00000000ff600000, 0x00000000ff600000| Complete 
|  55|0x00000000ff700000, 0x00000000ff800000, 0x00000000ff800000|100%| E|CS|TAMS 0x00000000ff700000, 0x00000000ff700000| Complete 
|  56|0x00000000ff800000, 0x00000000ff900000, 0x00000000ff900000|100%| E|CS|TAMS 0x00000000ff800000, 0x00000000ff800000| Complete 
|  57|0x00000000ff900000, 0x00000000ffa00000, 0x00000000ffa00000|100%| E|CS|TAMS 0x00000000ff900000, 0x00000000ff900000| Complete 
|  58|0x00000000ffa00000, 0x00000000ffb00000, 0x00000000ffb00000|100%| E|CS|TAMS 0x00000000ffa00000, 0x00000000ffa00000| Complete 
|  59|0x00000000ffb00000, 0x00000000ffc00000, 0x00000000ffc00000|100%| E|CS|TAMS 0x00000000ffb00000, 0x00000000ffb00000| Complete 
|  60|0x00000000ffc00000, 0x00000000ffd00000, 0x00000000ffd00000|100%| E|CS|TAMS 0x00000000ffc00000, 0x00000000ffc00000| Complete 
|  61|0x00000000ffd00000, 0x00000000ffe00000, 0x00000000ffe00000|100%| E|CS|TAMS 0x00000000ffd00000, 0x00000000ffd00000| Complete 
|  62|0x00000000ffe00000, 0x00000000fff00000, 0x00000000fff00000|100%| E|CS|TAMS 0x00000000ffe00000, 0x00000000ffe00000| Complete 
|  63|0x00000000fff00000, 0x0000000100000000, 0x0000000100000000|100%| E|CS|TAMS 0x00000000fff00000, 0x00000000fff00000| Complete 

Card table byte_map: [0x00000235fe750000,0x00000235fe770000] _byte_map_base: 0x00000235fdf70000

Marking Bits (Prev, Next): (CMBitMap*) 0x00000235fe827288, (CMBitMap*) 0x00000235fe8272c0
 Prev Bits: [0x00000235fec20000, 0x00000235fed20000)
 Next Bits: [0x00000235fed20000, 0x00000235fee20000)

Polling page: 0x00000235fc720000

Metaspace:

Usage:
  Non-class:      7.48 MB capacity,     7.35 MB ( 98%) used,   121.86 KB (  2%) free+waste,     6.69 KB ( <1%) overhead. 
      Class:    822.00 KB capacity,   761.38 KB ( 93%) used,    57.50 KB (  7%) free+waste,     3.13 KB ( <1%) overhead. 
       Both:      8.28 MB capacity,     8.10 MB ( 98%) used,   179.36 KB (  2%) free+waste,     9.81 KB ( <1%) overhead. 

Virtual space:
  Non-class space:        8.00 MB reserved,       7.50 MB ( 94%) committed 
      Class space:        1.00 GB reserved,     896.00 KB ( <1%) committed 
             Both:        1.01 GB reserved,       8.38 MB ( <1%) committed 

Chunk freelists:
   Non-Class:  2.75 KB
       Class:  1.25 KB
        Both:  4.00 KB

CodeHeap 'non-profiled nmethods': size=120000Kb used=207Kb max_used=207Kb free=119793Kb
 bounds [0x000002358f0a0000, 0x000002358f310000, 0x00000235965d0000]
CodeHeap 'profiled nmethods': size=120000Kb used=1251Kb max_used=1251Kb free=118748Kb
 bounds [0x0000023587b70000, 0x0000023587de0000, 0x000002358f0a0000]
CodeHeap 'non-nmethods': size=5760Kb used=1063Kb max_used=1077Kb free=4696Kb
 bounds [0x00000235875d0000, 0x0000023587840000, 0x0000023587b70000]
 total_blobs=1022 nmethods=665 adapters=269
 compilation: enabled
              stopped_count=0, restarted_count=0
 full_count=0

Compilation events (10 events):
Event: 1.123 Thread 0x00000235987aa800 nmethod 650 0x0000023587c9ad90 code [0x0000023587c9b060, 0x0000023587c9bd68]
Event: 1.151 Thread 0x00000235987aa800  651       3       jdk.internal.util.jar.JarIndex::get (49 bytes)
Event: 1.152 Thread 0x00000235987aa800 nmethod 651 0x0000023587c9c210 code [0x0000023587c9c440, 0x0000023587c9cce8]
Event: 1.152 Thread 0x00000235987aa800  652   !   3       jdk.internal.loader.URLClassPath$JarLoader::getResource (353 bytes)
Event: 1.156 Thread 0x00000235987aa800 nmethod 652 0x0000023587c9cf90 code [0x0000023587c9d460, 0x0000023587c9f798]
Event: 1.159 Thread 0x00000235987a3800  653       4       java.util.zip.ZipFile$Source::getEntryPos (206 bytes)
Event: 1.161 Thread 0x00000235987aa800  654       3       java.util.concurrent.ConcurrentHashMap$Node::<init> (14 bytes)
Event: 1.162 Thread 0x00000235987aa800 nmethod 654 0x0000023587ca0b90 code [0x0000023587ca0d40, 0x0000023587ca1018]
Event: 1.163 Thread 0x00000235987aa800  655       3       jdk.internal.loader.URLClassPath::getResource (74 bytes)
Event: 1.163 Thread 0x00000235987aa800 nmethod 655 0x0000023587ca1110 code [0x0000023587ca12e0, 0x0000023587ca1618]

GC Heap History (0 events):
No events

Deoptimization events (7 events):
Event: 0.211 Thread 0x00000235fe80e800 Uncommon trap: reason=unstable_if action=reinterpret pc=0x000002358f0a431c method=java.lang.String.hashCode()I @ 14 c2
Event: 0.792 Thread 0x00000235fe80e800 Uncommon trap: reason=unstable_if action=reinterpret pc=0x000002358f0ae874 method=java.util.zip.ZipFile$Source.checkUTF8([BII)V @ 12 c2
Event: 0.890 Thread 0x00000235fe80e800 Uncommon trap: reason=class_check action=maybe_recompile pc=0x000002358f0c91d4 method=java.util.HashMap.putVal(ILjava/lang/Object;Ljava/lang/Object;ZZ)Ljava/lang/Object; @ 203 c2
Event: 0.915 Thread 0x00000235fe80e800 Uncommon trap: reason=class_check action=maybe_recompile pc=0x000002358f0c9188 method=java.util.HashMap.putVal(ILjava/lang/Object;Ljava/lang/Object;ZZ)Ljava/lang/Object; @ 91 c2
Event: 0.918 Thread 0x00000235fe80e800 Uncommon trap: reason=class_check action=maybe_recompile pc=0x000002358f0c9188 method=java.util.HashMap.putVal(ILjava/lang/Object;Ljava/lang/Object;ZZ)Ljava/lang/Object; @ 91 c2
Event: 0.976 Thread 0x00000235fe80e800 Uncommon trap: reason=class_check action=maybe_recompile pc=0x000002358f0c9188 method=java.util.HashMap.putVal(ILjava/lang/Object;Ljava/lang/Object;ZZ)Ljava/lang/Object; @ 91 c2
Event: 1.031 Thread 0x00000235fe80e800 Uncommon trap: reason=class_check action=maybe_recompile pc=0x000002358f0c5e5c method=java.util.HashMap.putVal(ILjava/lang/Object;Ljava/lang/Object;ZZ)Ljava/lang/Object; @ 91 c2

Classes redefined (0 events):
No events

Internal exceptions (8 events):
Event: 0.459 Thread 0x00000235fe80e800 Exception <a 'java/lang/NoSuchMethodError'{0x00000000ffc6b268}: java.lang.invoke.DirectMethodHandle$Holder.invokeStaticInit(Ljava/lang/Object;Ljava/lang/Object;)I> (0x00000000ffc6b268) thrown at [./open/src/hotspot/share/interpreter/linkResolver.cpp, line
Event: 0.565 Thread 0x00000235fe80e800 Exception <a 'java/lang/NoSuchMethodError'{0x00000000ffb322e0}: java.lang.invoke.DirectMethodHandle$Holder.invokeSpecial(Ljava/lang/Object;Ljava/lang/Object;Ljava/lang/Object;Ljava/lang/Object;)I> (0x00000000ffb322e0) thrown at [./open/src/hotspot/share/i
Event: 0.577 Thread 0x00000235fe80e800 Exception <a 'java/lang/NoSuchMethodError'{0x00000000ffb68b68}: java.lang.invoke.DirectMethodHandle$Holder.invokeSpecialIFC(Ljava/lang/Object;Ljava/lang/Object;I)I> (0x00000000ffb68b68) thrown at [./open/src/hotspot/share/interpreter/linkResolver.cpp, lin
Event: 1.148 Thread 0x00000235fe80e800 Exception <a 'java/lang/OutOfMemoryError'{0x00000000ff0e35f8}> (0x00000000ff0e35f8) thrown at [./open/src/hotspot/share/prims/jni.cpp, line 632]
Event: 1.148 Thread 0x00000235fe80e800 Exception <a 'java/lang/OutOfMemoryError'{0x00000000ff0e35f8}> (0x00000000ff0e35f8) thrown at [./open/src/hotspot/share/prims/jvm.cpp, line 1309]
Event: 1.148 Thread 0x00000235fe80e800 Exception <a 'java/lang/OutOfMemoryError'{0x00000000ff0e35f8}> (0x00000000ff0e35f8) thrown at [./open/src/hotspot/share/prims/jvm.cpp, line 1309]
Event: 1.148 Thread 0x00000235fe80e800 Exception <a 'java/lang/OutOfMemoryError'{0x00000000ff0e35f8}> (0x00000000ff0e35f8) thrown at [./open/src/hotspot/share/prims/jvm.cpp, line 1309]
Event: 1.149 Thread 0x00000235fe80e800 Exception <a 'java/lang/OutOfMemoryError'{0x00000000ff0e35f8}> (0x00000000ff0e35f8) thrown at [./open/src/hotspot/share/oops/instanceKlass.cpp, line 1024]

Events (10 events):
Event: 1.168 loading class org/gradle/internal/logging/text/AbstractStyledTextOutput
Event: 1.168 loading class org/gradle/internal/logging/text/AbstractStyledTextOutput done
Event: 1.169 loading class org/gradle/api/logging/StandardOutputListener
Event: 1.169 loading class org/gradle/api/logging/StandardOutputListener done
Event: 1.170 loading class java/io/StringWriter
Event: 1.172 loading class java/io/StringWriter done
Event: 1.172 loading class org/gradle/internal/logging/text/StreamBackedStandardOutputListener
Event: 1.172 loading class org/gradle/internal/logging/text/StreamBackedStandardOutputListener done
Event: 1.174 loading class org/gradle/api/UncheckedIOException
Event: 1.174 loading class org/gradle/api/UncheckedIOException done


Dynamic libraries:
0x00007ff71c8b0000 - 0x00007ff71c8bf000 	C:\Program Files\Java\jdk-11.0.15\bin\java.exe
0x00007ffd913f0000 - 0x00007ffd915e8000 	C:\WINDOWS\SYSTEM32\ntdll.dll
0x00007ffd90b20000 - 0x00007ffd90bdd000 	C:\WINDOWS\System32\KERNEL32.DLL
0x00007ffd8f180000 - 0x00007ffd8f44e000 	C:\WINDOWS\System32\KERNELBASE.dll
0x00007ffd8eb10000 - 0x00007ffd8ec10000 	C:\WINDOWS\System32\ucrtbase.dll
0x00007ffd89fc0000 - 0x00007ffd89fd8000 	C:\Program Files\Java\jdk-11.0.15\bin\jli.dll
0x00007ffd89fa0000 - 0x00007ffd89fb5000 	C:\Program Files\Java\jdk-11.0.15\bin\VCRUNTIME140.dll
0x00007ffd90a70000 - 0x00007ffd90b1e000 	C:\WINDOWS\System32\ADVAPI32.dll
0x00007ffd903c0000 - 0x00007ffd9045e000 	C:\WINDOWS\System32\msvcrt.dll
0x00007ffd91310000 - 0x00007ffd913ac000 	C:\WINDOWS\System32\sechost.dll
0x00007ffd91130000 - 0x00007ffd91255000 	C:\WINDOWS\System32\RPCRT4.dll
0x00007ffd90030000 - 0x00007ffd901d0000 	C:\WINDOWS\System32\USER32.dll
0x00007ffd8ed90000 - 0x00007ffd8edb2000 	C:\WINDOWS\System32\win32u.dll
0x00007ffd7de60000 - 0x00007ffd7e0fa000 	C:\WINDOWS\WinSxS\amd64_microsoft.windows.common-controls_6595b64144ccf1df_6.0.19041.1110_none_60b5254171f9507e\COMCTL32.dll
0x00007ffd90460000 - 0x00007ffd9048a000 	C:\WINDOWS\System32\GDI32.dll
0x00007ffd8ec80000 - 0x00007ffd8ed8b000 	C:\WINDOWS\System32\gdi32full.dll
0x00007ffd8edc0000 - 0x00007ffd8ee5d000 	C:\WINDOWS\System32\msvcp_win.dll
0x00007ffd875f0000 - 0x00007ffd875fa000 	C:\WINDOWS\SYSTEM32\VERSION.dll
0x00007ffd90390000 - 0x00007ffd903c0000 	C:\WINDOWS\System32\IMM32.DLL
0x00007ffd7dcf0000 - 0x00007ffd7dd8b000 	C:\Program Files\Java\jdk-11.0.15\bin\msvcp140.dll
0x00007ffd59e50000 - 0x00007ffd5a966000 	C:\Program Files\Java\jdk-11.0.15\bin\server\jvm.dll
0x00007ffd901d0000 - 0x00007ffd901d8000 	C:\WINDOWS\System32\PSAPI.DLL
0x00007ffd707a0000 - 0x00007ffd707a9000 	C:\WINDOWS\SYSTEM32\WSOCK32.dll
0x00007ffd85ab0000 - 0x00007ffd85ad7000 	C:\WINDOWS\SYSTEM32\WINMM.dll
0x00007ffd90d50000 - 0x00007ffd90dbb000 	C:\WINDOWS\System32\WS2_32.dll
0x00007ffd8ca40000 - 0x00007ffd8ca52000 	C:\WINDOWS\SYSTEM32\kernel.appcore.dll
0x00007ffd89f90000 - 0x00007ffd89fa0000 	C:\Program Files\Java\jdk-11.0.15\bin\verify.dll
0x00007ffd8c800000 - 0x00007ffd8c9e4000 	C:\WINDOWS\SYSTEM32\DBGHELP.DLL
0x00007ffd7a020000 - 0x00007ffd7a04c000 	C:\WINDOWS\SYSTEM32\dbgcore.DLL
0x00007ffd8f0a0000 - 0x00007ffd8f122000 	C:\WINDOWS\System32\bcryptPrimitives.dll
0x00007ffd7dcc0000 - 0x00007ffd7dce8000 	C:\Program Files\Java\jdk-11.0.15\bin\java.dll
0x00007ffd89f50000 - 0x00007ffd89f5a000 	C:\Program Files\Java\jdk-11.0.15\bin\jimage.dll
0x00007ffd83370000 - 0x00007ffd83386000 	C:\Program Files\Java\jdk-11.0.15\bin\zip.dll
0x00007ffd8f870000 - 0x00007ffd8ffb4000 	C:\WINDOWS\System32\SHELL32.dll
0x00007ffd8cbb0000 - 0x00007ffd8d344000 	C:\WINDOWS\SYSTEM32\windows.storage.dll
0x00007ffd90dd0000 - 0x00007ffd91124000 	C:\WINDOWS\System32\combase.dll
0x00007ffd8e420000 - 0x00007ffd8e450000 	C:\WINDOWS\SYSTEM32\Wldp.dll
0x00007ffd90ca0000 - 0x00007ffd90d4d000 	C:\WINDOWS\System32\SHCORE.dll
0x00007ffd90be0000 - 0x00007ffd90c35000 	C:\WINDOWS\System32\shlwapi.dll
0x00007ffd8ea50000 - 0x00007ffd8ea6f000 	C:\WINDOWS\SYSTEM32\profapi.dll
0x00007ffd7dac0000 - 0x00007ffd7dad9000 	C:\Program Files\Java\jdk-11.0.15\bin\net.dll
0x00007ffd873e0000 - 0x00007ffd874ea000 	C:\WINDOWS\SYSTEM32\WINHTTP.dll
0x00007ffd8e200000 - 0x00007ffd8e26a000 	C:\WINDOWS\system32\mswsock.dll
0x00007ffd7daa0000 - 0x00007ffd7dab2000 	C:\Program Files\Java\jdk-11.0.15\bin\nio.dll

dbghelp: loaded successfully - version: 4.0.5 - missing functions: none
symbol engine: initialized successfully - sym options: 0x614 - pdb path: .;C:\Program Files\Java\jdk-11.0.15\bin;C:\WINDOWS\SYSTEM32;C:\WINDOWS\WinSxS\amd64_microsoft.windows.common-controls_6595b64144ccf1df_6.0.19041.1110_none_60b5254171f9507e;C:\Program Files\Java\jdk-11.0.15\bin\server

VM Arguments:
jvm_args: -Xmx64m -Xms64m -Dorg.gradle.appname=gradlew 
java_command: org.gradle.wrapper.GradleWrapperMain app:installDebug -PreactNativeDevServerPort=8081
java_class_path (initial): C:\Users\white\Documents\AMK LAB\react-native\Evaluate Task - shopping list\android\\gradle\wrapper\gradle-wrapper.jar
Launcher Type: SUN_STANDARD

[Global flags]
     intx CICompilerCount                          = 4                                         {product} {ergonomic}
     uint ConcGCThreads                            = 2                                         {product} {ergonomic}
     uint G1ConcRefinementThreads                  = 8                                         {product} {ergonomic}
   size_t G1HeapRegionSize                         = 1048576                                   {product} {ergonomic}
    uintx GCDrainStackTargetSize                   = 64                                        {product} {ergonomic}
   size_t InitialHeapSize                          = 67108864                                  {product} {command line}
   size_t MarkStackSize                            = 4194304                                   {product} {ergonomic}
   size_t MaxHeapSize                              = 67108864                                  {product} {command line}
   size_t MaxNewSize                               = 39845888                                  {product} {ergonomic}
   size_t MinHeapDeltaBytes                        = 1048576                                   {product} {ergonomic}
    uintx NonNMethodCodeHeapSize                   = 5836300                                {pd product} {ergonomic}
    uintx NonProfiledCodeHeapSize                  = 122910970                              {pd product} {ergonomic}
    uintx ProfiledCodeHeapSize                     = 122910970                              {pd product} {ergonomic}
    uintx ReservedCodeCacheSize                    = 251658240                              {pd product} {ergonomic}
     bool SegmentedCodeCache                       = true                                      {product} {ergonomic}
     bool UseCompressedClassPointers               = true                                 {lp64_product} {ergonomic}
     bool UseCompressedOops                        = true                                 {lp64_product} {ergonomic}
     bool UseG1GC                                  = true                                      {product} {ergonomic}
     bool UseLargePagesIndividualAllocation        = false                                  {pd product} {ergonomic}

Logging:
Log output configuration:
 #0: stdout all=warning uptime,level,tags
 #1: stderr all=off uptime,level,tags

Environment Variables:
JAVA_HOME=C:\Program Files\Java\jdk-11.0.15
CLASSPATH=C:\Users\white\Documents\AMK LAB\react-native\Evaluate Task - shopping list\android\\gradle\wrapper\gradle-wrapper.jar
PATH=C:\Users\white\Documents\AMK LAB\react-native\Evaluate Task - shopping list\android\node_modules\.bin;C:\Users\white\Documents\AMK LAB\react-native\Evaluate Task - shopping list\node_modules\.bin;C:\Users\white\Documents\AMK LAB\react-native\node_modules\.bin;C:\Users\white\Documents\AMK LAB\node_modules\.bin;C:\Users\white\Documents\node_modules\.bin;C:\Users\white\node_modules\.bin;C:\Users\node_modules\.bin;C:\node_modules\.bin;C:\Program Files\nodejs;C:\Users\white\Documents\AMK LAB\react-native\Evaluate Task - shopping list\node_modules\.bin;C:\Users\white\Documents\AMK LAB\react-native\node_modules\.bin;C:\Users\white\Documents\AMK LAB\node_modules\.bin;C:\Users\white\Documents\node_modules\.bin;C:\Users\white\node_modules\.bin;C:\Users\node_modules\.bin;C:\node_modules\.bin;C:\Program Files\nodejs\node_modules\npm\node_modules\@npmcli\run-script\lib\node-gyp-bin;C:\Program Files\Common Files\Oracle\Java\javapath;C:\Program Files (x86)\Common Files\Oracle\Java\javapath;C:\WINDOWS\system32;C:\WINDOWS;C:\WINDOWS\System32\Wbem;C:\WINDOWS\System32\WindowsPowerShell\v1.0\;C:\WINDOWS\System32\OpenSSH\;C:\Program Files\Git\cmd;C:\Program Files\PostgreSQL\10\bin;C:\Program Files (x86)\dotnet\;C:\Program Files\Java\jdk-11.0.15;C:\Users\white\AppData\Local\Android\Sdk\platform-tools;C:\Users\white\AppData\Local\Android\Sdk\emulator;C:\Users\white\AppData\Local\Android\Sdk;C:\Program Files\nodejs\;C:\Program Files\Java\jdk-11.0.15;C:\Users\white\AppData\Local\.meteor/;C:\Program Files\Git\mingw64\bin;C:\Program Files\Git\usr\bin;C:\Users\white\bin;C:\Program Files\nodejs\node_modules\npm\node_modules\npm-lifecycle\node-gyp-bin;C:\Users\white\AppData\Roaming\npm\node_modules\meteor\node_modules\.bin;C:\Users\white\AppData\Roaming\npm\node_modules\.bin;C:\WINDOWS\system32;C:\WINDOWS;C:\WINDOWS\System32\Wbem;C:\WINDOWS\System32\WindowsPowerShell\v1.0\;C:\WINDOWS\System32\OpenSSH\;C:\Program Files\Git\cmd;C:\Program Files\PostgreSQL\10\bin;C:\Program Files\nodejs\;C:\Progr
USERNAME=white
OS=Windows_NT
PROCESSOR_IDENTIFIER=AMD64 Family 23 Model 24 Stepping 1, AuthenticAMD



---------------  S Y S T E M  ---------------

OS: Windows 10 , 64 bit Build 19041 (10.0.19041.1806)
Hyper-V role detected

CPU:total 8 (initial active 8) (8 cores per cpu, 2 threads per core) family 23 model 24 stepping 1 microcode 0x0, cmov, cx8, fxsr, mmx, sse, sse2, sse3, ssse3, sse4.1, sse4.2, popcnt, avx, avx2, aes, clmul, mmxext, 3dnowpref, lzcnt, sse4a, ht, tsc, tscinvbit, tscinv, bmi1, bmi2, adx, s

Memory: 4k page, system-wide physical 14213M (842M free)
TotalPageFile size 14213M (AvailPageFile size 2M)
current process WorkingSet (physical memory assigned to process): 65M, peak: 65M
current process commit charge ("private bytes"): 151M, peak: 151M

vm_info: Java HotSpot(TM) 64-Bit Server VM (11.0.15+8-LTS-149) for windows-amd64 JRE (11.0.15+8-LTS-149), built on Mar  9 2022 22:42:32 by "mach5one" with MS VC++ 15.9 (VS2017)

END.
