#
# There is insufficient memory for the Java Runtime Environment to continue.
# Native memory allocation (malloc) failed to allocate 1558256 bytes for Chunk::new
# Possible reasons:
#   The system is out of physical RAM or swap space
#   The process is running with CompressedOops enabled, and the Java Heap may be blocking the growth of the native heap
# Possible solutions:
#   Reduce memory load on the system
#   Increase physical memory or swap space
#   Check if swap backing store is full
#   Decrease Java heap size (-Xmx/-Xms)
#   Decrease number of Java threads
#   Decrease Java thread stack sizes (-Xss)
#   Set larger code cache with -XX:ReservedCodeCacheSize=
#   JVM is running with Zero Based Compressed Oops mode in which the Java heap is
#     placed in the first 32GB address space. The Java Heap base address is the
#     maximum limit for the native heap growth. Please use -XX:HeapBaseMinAddress
#     to set the Java Heap base and to place the Java Heap above 32GB virtual address.
# This output file may be truncated or incomplete.
#
#  Out of Memory Error (./open/src/hotspot/share/memory/arena.cpp:197), pid=20436, tid=20472
#
# JRE version: Java(TM) SE Runtime Environment 18.9 (11.0.15+8) (build 11.0.15+8-LTS-149)
# Java VM: Java HotSpot(TM) 64-Bit Server VM 18.9 (11.0.15+8-LTS-149, mixed mode, tiered, compressed oops, g1 gc, windows-amd64)
# No core dump will be written. Minidumps are not enabled by default on client versions of Windows
#

---------------  S U M M A R Y ------------

Command Line: org.jetbrains.kotlin.cli.jvm.K2JVMCompiler @C:\Users\white\Documents\AMK LAB\react-native\crud - Copy\node_modules\react-native-gesture-handler\android\build\20220606_6059660608265082642.compiler.options

Host: AMD Ryzen 5 3500U with Radeon Vega Mobile Gfx  , 8 cores, 13G,  Windows 10 , 64 bit Build 19041 (10.0.19041.1706)
Time: Mon Jun  6 11:04:57 2022 FLE Daylight Time elapsed time: 31.383812 seconds (0d 0h 0m 31s)

---------------  T H R E A D  ---------------

Current thread (0x000001f012c9f800):  JavaThread "C2 CompilerThread2" daemon [_thread_in_native, id=20472, stack(0x000000b9f4e00000,0x000000b9f4f00000)]


Current CompileTask:
C2:  31383 12491       4       org.jetbrains.kotlin.contracts.EffectSystem::getContextInfoWhen (179 bytes)

Stack: [0x000000b9f4e00000,0x000000b9f4f00000]
Native frames: (J=compiled Java code, j=interpreted, Vv=VM code, C=native code)
V  [jvm.dll+0x629d8a]
V  [jvm.dll+0x7638ff]
V  [jvm.dll+0x764fa9]
V  [jvm.dll+0x765633]
V  [jvm.dll+0x23d9c8]
V  [jvm.dll+0xb2a1c]
V  [jvm.dll+0xb2fdc]
V  [jvm.dll+0x341047]
V  [jvm.dll+0x30e9b3]
V  [jvm.dll+0x30dcfa]
V  [jvm.dll+0x1f8565]
V  [jvm.dll+0x1f774d]
V  [jvm.dll+0x177c51]
V  [jvm.dll+0x207026]
V  [jvm.dll+0x2051bb]
V  [jvm.dll+0x729820]
V  [jvm.dll+0x7223f4]
V  [jvm.dll+0x628c26]
C  [ucrtbase.dll+0x21bb2]
C  [KERNEL32.DLL+0x17034]
C  [ntdll.dll+0x52651]


---------------  P R O C E S S  ---------------

Threads class SMR info:
_java_thread_list=0x000001f019484400, length=12, elements={
0x000001f06f205800, 0x000001f07fb40800, 0x000001f07fb41000, 0x000001f07fc57800,
0x000001f07fc59800, 0x000001f07fc5a800, 0x000001f07fc5e800, 0x000001f07fc60000,
0x000001f07fca4000, 0x000001f07fdff000, 0x000001f015866800, 0x000001f012c9f800
}

Java Threads: ( => current thread )
  0x000001f06f205800 JavaThread "main" [_thread_in_Java, id=17480, stack(0x000000b9f3500000,0x000000b9f3600000)]
  0x000001f07fb40800 JavaThread "Reference Handler" daemon [_thread_blocked, id=13172, stack(0x000000b9f3c00000,0x000000b9f3d00000)]
  0x000001f07fb41000 JavaThread "Finalizer" daemon [_thread_blocked, id=13052, stack(0x000000b9f3d00000,0x000000b9f3e00000)]
  0x000001f07fc57800 JavaThread "Signal Dispatcher" daemon [_thread_blocked, id=4068, stack(0x000000b9f3e00000,0x000000b9f3f00000)]
  0x000001f07fc59800 JavaThread "Attach Listener" daemon [_thread_blocked, id=20088, stack(0x000000b9f3f00000,0x000000b9f4000000)]
  0x000001f07fc5a800 JavaThread "Service Thread" daemon [_thread_blocked, id=9088, stack(0x000000b9f4000000,0x000000b9f4100000)]
  0x000001f07fc5e800 JavaThread "C2 CompilerThread0" daemon [_thread_in_native, id=4388, stack(0x000000b9f4100000,0x000000b9f4200000)]
  0x000001f07fc60000 JavaThread "C1 CompilerThread0" daemon [_thread_blocked, id=9792, stack(0x000000b9f4200000,0x000000b9f4300000)]
  0x000001f07fca4000 JavaThread "Sweeper thread" daemon [_thread_blocked, id=15148, stack(0x000000b9f4300000,0x000000b9f4400000)]
  0x000001f07fdff000 JavaThread "Common-Cleaner" daemon [_thread_blocked, id=8500, stack(0x000000b9f4500000,0x000000b9f4600000)]
  0x000001f015866800 JavaThread "C2 CompilerThread1" daemon [_thread_in_native, id=14032, stack(0x000000b9f4b00000,0x000000b9f4c00000)]
=>0x000001f012c9f800 JavaThread "C2 CompilerThread2" daemon [_thread_in_native, id=20472, stack(0x000000b9f4e00000,0x000000b9f4f00000)]

Other Threads:
  0x000001f07fb6b800 VMThread "VM Thread" [stack: 0x000000b9f3b00000,0x000000b9f3c00000] [id=12704]
  0x000001f07fdfe000 WatcherThread [stack: 0x000000b9f4400000,0x000000b9f4500000] [id=4568]
  0x000001f06f219800 GCTaskThread "GC Thread#0" [stack: 0x000000b9f3600000,0x000000b9f3700000] [id=11012]
  0x000001f011d62800 GCTaskThread "GC Thread#1" [stack: 0x000000b9f4600000,0x000000b9f4700000] [id=17712]
  0x000001f07fe0c000 GCTaskThread "GC Thread#2" [stack: 0x000000b9f4700000,0x000000b9f4800000] [id=816]
  0x000001f011d70800 GCTaskThread "GC Thread#3" [stack: 0x000000b9f4800000,0x000000b9f4900000] [id=9240]
  0x000001f011d71800 GCTaskThread "GC Thread#4" [stack: 0x000000b9f4900000,0x000000b9f4a00000] [id=8236]
  0x000001f016234000 GCTaskThread "GC Thread#5" [stack: 0x000000b9f4f00000,0x000000b9f5000000] [id=4252]
  0x000001f06f268000 ConcurrentGCThread "G1 Main Marker" [stack: 0x000000b9f3700000,0x000000b9f3800000] [id=2760]
  0x000001f06f269000 ConcurrentGCThread "G1 Conc#0" [stack: 0x000000b9f3800000,0x000000b9f3900000] [id=852]
  0x000001f0120cf800 ConcurrentGCThread "G1 Conc#1" [stack: 0x000000b9f4a00000,0x000000b9f4b00000] [id=4032]
  0x000001f07fa2c000 ConcurrentGCThread "G1 Refine#0" [stack: 0x000000b9f3900000,0x000000b9f3a00000] [id=4912]
  0x000001f012825000 ConcurrentGCThread "G1 Refine#1" [stack: 0x000000b9f4c00000,0x000000b9f4d00000] [id=1512]
  0x000001f014c2a000 ConcurrentGCThread "G1 Refine#2" [stack: 0x000000b9f4d00000,0x000000b9f4e00000] [id=12452]
  0x000001f07fa2f000 ConcurrentGCThread "G1 Young RemSet Sampling" [stack: 0x000000b9f3a00000,0x000000b9f3b00000] [id=836]

Threads with active compile tasks:
C2 CompilerThread0  31410 12457       4       org.jetbrains.kotlin.resolve.jvm.checkers.JavaNullabilityChecker::checkType (752 bytes)
C2 CompilerThread1  31410 12490       4       org.jetbrains.kotlin.resolve.lazy.LazyImportScope::getContributedClassifier (55 bytes)
C2 CompilerThread2  31411 12491       4       org.jetbrains.kotlin.contracts.EffectSystem::getContextInfoWhen (179 bytes)

VM state:not at safepoint (normal execution)

VM Mutex/Monitor currently owned by a thread: None

Heap address: 0x0000000721e00000, size: 3554 MB, Compressed Oops mode: Zero based, Oop shift amount: 3
Narrow klass base: 0x0000000800000000, Narrow klass shift: 0
Compressed class space size: 1073741824 Address: 0x0000000800000000

Heap:
 garbage-first heap   total 275456K, used 179522K [0x0000000721e00000, 0x0000000800000000)
  region size 1024K, 113 young (115712K), 11 survivors (11264K)
 Metaspace       used 66980K, capacity 67807K, committed 68048K, reserved 1110016K
  class space    used 7402K, capacity 7732K, committed 7808K, reserved 1048576K
Heap Regions: E=young(eden), S=young(survivor), O=old, HS=humongous(starts), HC=humongous(continues), CS=collection set, F=free, A=archive, TAMS=top-at-mark-start (previous, next)
|   0|0x0000000721e00000, 0x0000000721f00000, 0x0000000721f00000|100%|HS|  |TAMS 0x0000000721f00000, 0x0000000721e00000| Complete 
|   1|0x0000000721f00000, 0x0000000722000000, 0x0000000722000000|100%|HC|  |TAMS 0x0000000722000000, 0x0000000721f00000| Complete 
|   2|0x0000000722000000, 0x0000000722100000, 0x0000000722100000|100%|HC|  |TAMS 0x0000000722100000, 0x0000000722000000| Complete 
|   3|0x0000000722100000, 0x0000000722200000, 0x0000000722200000|100%|HS|  |TAMS 0x0000000722200000, 0x0000000722100000| Complete 
|   4|0x0000000722200000, 0x0000000722300000, 0x0000000722300000|100%|HC|  |TAMS 0x0000000722300000, 0x0000000722200000| Complete 
|   5|0x0000000722300000, 0x0000000722400000, 0x0000000722400000|100%|HC|  |TAMS 0x0000000722400000, 0x0000000722300000| Complete 
|   6|0x0000000722400000, 0x0000000722500000, 0x0000000722500000|100%|HS|  |TAMS 0x0000000722500000, 0x0000000722400000| Complete 
|   7|0x0000000722500000, 0x0000000722600000, 0x0000000722600000|100%|HC|  |TAMS 0x0000000722600000, 0x0000000722500000| Complete 
|   8|0x0000000722600000, 0x0000000722700000, 0x0000000722700000|100%|HC|  |TAMS 0x0000000722700000, 0x0000000722600000| Complete 
|   9|0x0000000722700000, 0x0000000722800000, 0x0000000722800000|100%| O|  |TAMS 0x0000000722800000, 0x0000000722700000| Untracked 
|  10|0x0000000722800000, 0x0000000722900000, 0x0000000722900000|100%| O|  |TAMS 0x0000000722900000, 0x0000000722800000| Untracked 
|  11|0x0000000722900000, 0x0000000722a00000, 0x0000000722a00000|100%| O|  |TAMS 0x0000000722a00000, 0x0000000722900000| Untracked 
|  12|0x0000000722a00000, 0x0000000722b00000, 0x0000000722b00000|100%| O|  |TAMS 0x0000000722b00000, 0x0000000722a00000| Untracked 
|  13|0x0000000722b00000, 0x0000000722c00000, 0x0000000722c00000|100%|HS|  |TAMS 0x0000000722c00000, 0x0000000722b00000| Complete 
|  14|0x0000000722c00000, 0x0000000722d00000, 0x0000000722d00000|100%|HC|  |TAMS 0x0000000722d00000, 0x0000000722c00000| Complete 
|  15|0x0000000722d00000, 0x0000000722e00000, 0x0000000722e00000|100%| O|  |TAMS 0x0000000722e00000, 0x0000000722d00000| Untracked 
|  16|0x0000000722e00000, 0x0000000722f00000, 0x0000000722f00000|100%| O|  |TAMS 0x0000000722f00000, 0x0000000722e00000| Untracked 
|  17|0x0000000722f00000, 0x0000000723000000, 0x0000000723000000|100%| O|  |TAMS 0x0000000723000000, 0x0000000722f00000| Untracked 
|  18|0x0000000723000000, 0x0000000723100000, 0x0000000723100000|100%| O|  |TAMS 0x0000000723100000, 0x0000000723000000| Untracked 
|  19|0x0000000723100000, 0x0000000723200000, 0x0000000723200000|100%| O|  |TAMS 0x0000000723200000, 0x0000000723100000| Untracked 
|  20|0x0000000723200000, 0x0000000723300000, 0x0000000723300000|100%| O|  |TAMS 0x0000000723300000, 0x0000000723200000| Untracked 
|  21|0x0000000723300000, 0x0000000723400000, 0x0000000723400000|100%| O|  |TAMS 0x0000000723400000, 0x0000000723300000| Untracked 
|  22|0x0000000723400000, 0x0000000723500000, 0x0000000723500000|100%| O|  |TAMS 0x0000000723500000, 0x0000000723400000| Untracked 
|  23|0x0000000723500000, 0x0000000723600000, 0x0000000723600000|100%| O|  |TAMS 0x0000000723600000, 0x0000000723500000| Untracked 
|  24|0x0000000723600000, 0x0000000723700000, 0x0000000723700000|100%| O|  |TAMS 0x0000000723700000, 0x0000000723600000| Untracked 
|  25|0x0000000723700000, 0x0000000723800000, 0x0000000723800000|100%| O|  |TAMS 0x0000000723800000, 0x0000000723700000| Untracked 
|  26|0x0000000723800000, 0x0000000723900000, 0x0000000723900000|100%| O|  |TAMS 0x0000000723900000, 0x0000000723800000| Untracked 
|  27|0x0000000723900000, 0x0000000723a00000, 0x0000000723a00000|100%| O|  |TAMS 0x0000000723a00000, 0x0000000723900000| Untracked 
|  28|0x0000000723a00000, 0x0000000723b00000, 0x0000000723b00000|100%| O|  |TAMS 0x0000000723b00000, 0x0000000723a00000| Untracked 
|  29|0x0000000723b00000, 0x0000000723c00000, 0x0000000723c00000|100%| O|  |TAMS 0x0000000723c00000, 0x0000000723b00000| Untracked 
|  30|0x0000000723c00000, 0x0000000723d00000, 0x0000000723d00000|100%| O|  |TAMS 0x0000000723d00000, 0x0000000723c00000| Untracked 
|  31|0x0000000723d00000, 0x0000000723e00000, 0x0000000723e00000|100%| O|  |TAMS 0x0000000723e00000, 0x0000000723d00000| Untracked 
|  32|0x0000000723e00000, 0x0000000723f00000, 0x0000000723f00000|100%| O|  |TAMS 0x0000000723f00000, 0x0000000723e00000| Untracked 
|  33|0x0000000723f00000, 0x0000000724000000, 0x0000000724000000|100%| O|  |TAMS 0x0000000724000000, 0x0000000723f00000| Untracked 
|  34|0x0000000724000000, 0x0000000724100000, 0x0000000724100000|100%| O|  |TAMS 0x0000000724100000, 0x0000000724000000| Untracked 
|  35|0x0000000724100000, 0x0000000724200000, 0x0000000724200000|100%| O|  |TAMS 0x0000000724200000, 0x0000000724100000| Untracked 
|  36|0x0000000724200000, 0x0000000724300000, 0x0000000724300000|100%| O|  |TAMS 0x0000000724300000, 0x0000000724200000| Untracked 
|  37|0x0000000724300000, 0x0000000724400000, 0x0000000724400000|100%| O|  |TAMS 0x0000000724400000, 0x0000000724300000| Untracked 
|  38|0x0000000724400000, 0x0000000724500000, 0x0000000724500000|100%| O|  |TAMS 0x0000000724500000, 0x0000000724400000| Untracked 
|  39|0x0000000724500000, 0x0000000724600000, 0x0000000724600000|100%| O|  |TAMS 0x0000000724600000, 0x0000000724500000| Untracked 
|  40|0x0000000724600000, 0x0000000724700000, 0x0000000724700000|100%| O|  |TAMS 0x0000000724700000, 0x0000000724600000| Untracked 
|  41|0x0000000724700000, 0x0000000724800000, 0x0000000724800000|100%| O|  |TAMS 0x0000000724800000, 0x0000000724700000| Untracked 
|  42|0x0000000724800000, 0x0000000724900000, 0x0000000724900000|100%| O|  |TAMS 0x0000000724900000, 0x0000000724800000| Untracked 
|  43|0x0000000724900000, 0x0000000724a00000, 0x0000000724a00000|100%| O|  |TAMS 0x0000000724a00000, 0x0000000724900000| Untracked 
|  44|0x0000000724a00000, 0x0000000724b00000, 0x0000000724b00000|100%| O|  |TAMS 0x0000000724b00000, 0x0000000724a00000| Untracked 
|  45|0x0000000724b00000, 0x0000000724c00000, 0x0000000724c00000|100%| O|  |TAMS 0x0000000724c00000, 0x0000000724b00000| Untracked 
|  46|0x0000000724c00000, 0x0000000724d00000, 0x0000000724d00000|100%| O|  |TAMS 0x0000000724d00000, 0x0000000724c00000| Untracked 
|  47|0x0000000724d00000, 0x0000000724e00000, 0x0000000724e00000|100%| O|  |TAMS 0x0000000724e00000, 0x0000000724d00000| Untracked 
|  48|0x0000000724e00000, 0x0000000724f00000, 0x0000000724f00000|100%| O|  |TAMS 0x0000000724f00000, 0x0000000724e00000| Untracked 
|  49|0x0000000724f00000, 0x0000000725000000, 0x0000000725000000|100%| O|  |TAMS 0x0000000725000000, 0x0000000724f00000| Untracked 
|  50|0x0000000725000000, 0x0000000725100000, 0x0000000725100000|100%| O|  |TAMS 0x0000000725100000, 0x0000000725000000| Untracked 
|  51|0x0000000725100000, 0x0000000725200000, 0x0000000725200000|100%| O|  |TAMS 0x0000000725182a00, 0x0000000725100000| Untracked 
|  52|0x0000000725200000, 0x0000000725200000, 0x0000000725300000|  0%| F|  |TAMS 0x0000000725200000, 0x0000000725200000| Untracked 
|  53|0x0000000725300000, 0x0000000725400000, 0x0000000725400000|100%|HS|  |TAMS 0x0000000725300000, 0x0000000725300000| Complete 
|  54|0x0000000725400000, 0x0000000725500000, 0x0000000725500000|100%|HC|  |TAMS 0x0000000725400000, 0x0000000725400000| Complete 
|  55|0x0000000725500000, 0x0000000725600000, 0x0000000725600000|100%| O|  |TAMS 0x0000000725500000, 0x0000000725500000| Untracked 
|  56|0x0000000725600000, 0x0000000725700000, 0x0000000725700000|100%| O|  |TAMS 0x0000000725600000, 0x0000000725600000| Untracked 
|  57|0x0000000725700000, 0x0000000725800000, 0x0000000725800000|100%| O|  |TAMS 0x0000000725700000, 0x0000000725700000| Untracked 
|  58|0x0000000725800000, 0x0000000725900000, 0x0000000725900000|100%| O|  |TAMS 0x0000000725800000, 0x0000000725800000| Untracked 
|  59|0x0000000725900000, 0x0000000725a00000, 0x0000000725a00000|100%| O|  |TAMS 0x0000000725900000, 0x0000000725900000| Untracked 
|  60|0x0000000725a00000, 0x0000000725b00000, 0x0000000725b00000|100%| O|  |TAMS 0x0000000725a00000, 0x0000000725a00000| Untracked 
|  61|0x0000000725b00000, 0x0000000725c00000, 0x0000000725c00000|100%| O|  |TAMS 0x0000000725b00000, 0x0000000725b00000| Untracked 
|  62|0x0000000725c00000, 0x0000000725d00000, 0x0000000725d00000|100%| O|  |TAMS 0x0000000725c00000, 0x0000000725c00000| Untracked 
|  63|0x0000000725d00000, 0x0000000725e00000, 0x0000000725e00000|100%| O|  |TAMS 0x0000000725d00000, 0x0000000725d00000| Untracked 
|  64|0x0000000725e00000, 0x0000000725f00000, 0x0000000725f00000|100%| O|  |TAMS 0x0000000725e00000, 0x0000000725e00000| Untracked 
|  65|0x0000000725f00000, 0x0000000725f00000, 0x0000000726000000|  0%| F|  |TAMS 0x0000000725f00000, 0x0000000725f00000| Untracked 
|  66|0x0000000726000000, 0x0000000726000000, 0x0000000726100000|  0%| F|  |TAMS 0x0000000726000000, 0x0000000726000000| Untracked 
|  67|0x0000000726100000, 0x0000000726100000, 0x0000000726200000|  0%| F|  |TAMS 0x0000000726100000, 0x0000000726100000| Untracked 
|  68|0x0000000726200000, 0x0000000726200000, 0x0000000726300000|  0%| F|  |TAMS 0x0000000726200000, 0x0000000726200000| Untracked 
|  69|0x0000000726300000, 0x0000000726300000, 0x0000000726400000|  0%| F|  |TAMS 0x0000000726300000, 0x0000000726300000| Untracked 
|  70|0x0000000726400000, 0x0000000726400000, 0x0000000726500000|  0%| F|  |TAMS 0x0000000726400000, 0x0000000726400000| Untracked 
|  71|0x0000000726500000, 0x0000000726500000, 0x0000000726600000|  0%| F|  |TAMS 0x0000000726500000, 0x0000000726500000| Untracked 
|  72|0x0000000726600000, 0x0000000726600000, 0x0000000726700000|  0%| F|  |TAMS 0x0000000726600000, 0x0000000726600000| Untracked 
|  73|0x0000000726700000, 0x0000000726700000, 0x0000000726800000|  0%| F|  |TAMS 0x0000000726700000, 0x0000000726700000| Untracked 
|  74|0x0000000726800000, 0x0000000726800000, 0x0000000726900000|  0%| F|  |TAMS 0x0000000726800000, 0x0000000726800000| Untracked 
|  75|0x0000000726900000, 0x0000000726900000, 0x0000000726a00000|  0%| F|  |TAMS 0x0000000726900000, 0x0000000726900000| Untracked 
|  76|0x0000000726a00000, 0x0000000726a00000, 0x0000000726b00000|  0%| F|  |TAMS 0x0000000726a00000, 0x0000000726a00000| Untracked 
|  77|0x0000000726b00000, 0x0000000726b00000, 0x0000000726c00000|  0%| F|  |TAMS 0x0000000726b00000, 0x0000000726b00000| Untracked 
|  78|0x0000000726c00000, 0x0000000726c00000, 0x0000000726d00000|  0%| F|  |TAMS 0x0000000726c00000, 0x0000000726c00000| Untracked 
|  79|0x0000000726d00000, 0x0000000726d00000, 0x0000000726e00000|  0%| F|  |TAMS 0x0000000726d00000, 0x0000000726d00000| Untracked 
|  80|0x0000000726e00000, 0x0000000726e00000, 0x0000000726f00000|  0%| F|  |TAMS 0x0000000726e00000, 0x0000000726e00000| Untracked 
|  81|0x0000000726f00000, 0x0000000726f00000, 0x0000000727000000|  0%| F|  |TAMS 0x0000000726f00000, 0x0000000726f00000| Untracked 
|  82|0x0000000727000000, 0x0000000727000000, 0x0000000727100000|  0%| F|  |TAMS 0x0000000727000000, 0x0000000727000000| Untracked 
|  83|0x0000000727100000, 0x0000000727100000, 0x0000000727200000|  0%| F|  |TAMS 0x0000000727100000, 0x0000000727100000| Untracked 
|  84|0x0000000727200000, 0x0000000727200000, 0x0000000727300000|  0%| F|  |TAMS 0x0000000727200000, 0x0000000727200000| Untracked 
|  85|0x0000000727300000, 0x0000000727300000, 0x0000000727400000|  0%| F|  |TAMS 0x0000000727300000, 0x0000000727300000| Untracked 
|  86|0x0000000727400000, 0x0000000727400000, 0x0000000727500000|  0%| F|  |TAMS 0x0000000727400000, 0x0000000727400000| Untracked 
|  87|0x0000000727500000, 0x0000000727500000, 0x0000000727600000|  0%| F|  |TAMS 0x0000000727500000, 0x0000000727500000| Untracked 
|  88|0x0000000727600000, 0x0000000727600000, 0x0000000727700000|  0%| F|  |TAMS 0x0000000727600000, 0x0000000727600000| Untracked 
|  89|0x0000000727700000, 0x0000000727700000, 0x0000000727800000|  0%| F|  |TAMS 0x0000000727700000, 0x0000000727700000| Untracked 
|  90|0x0000000727800000, 0x0000000727800000, 0x0000000727900000|  0%| F|  |TAMS 0x0000000727800000, 0x0000000727800000| Untracked 
|  91|0x0000000727900000, 0x0000000727900000, 0x0000000727a00000|  0%| F|  |TAMS 0x0000000727900000, 0x0000000727900000| Untracked 
|  92|0x0000000727a00000, 0x0000000727a00000, 0x0000000727b00000|  0%| F|  |TAMS 0x0000000727a00000, 0x0000000727a00000| Untracked 
|  93|0x0000000727b00000, 0x0000000727b00000, 0x0000000727c00000|  0%| F|  |TAMS 0x0000000727b00000, 0x0000000727b00000| Untracked 
|  94|0x0000000727c00000, 0x0000000727c00000, 0x0000000727d00000|  0%| F|  |TAMS 0x0000000727c00000, 0x0000000727c00000| Untracked 
|  95|0x0000000727d00000, 0x0000000727d00000, 0x0000000727e00000|  0%| F|  |TAMS 0x0000000727d00000, 0x0000000727d00000| Untracked 
|  96|0x0000000727e00000, 0x0000000727e00000, 0x0000000727f00000|  0%| F|  |TAMS 0x0000000727e00000, 0x0000000727e00000| Untracked 
|  97|0x0000000727f00000, 0x0000000727f00000, 0x0000000728000000|  0%| F|  |TAMS 0x0000000727f00000, 0x0000000727f00000| Untracked 
|  98|0x0000000728000000, 0x0000000728000000, 0x0000000728100000|  0%| F|  |TAMS 0x0000000728000000, 0x0000000728000000| Untracked 
|  99|0x0000000728100000, 0x0000000728100000, 0x0000000728200000|  0%| F|  |TAMS 0x0000000728100000, 0x0000000728100000| Untracked 
| 100|0x0000000728200000, 0x0000000728200000, 0x0000000728300000|  0%| F|  |TAMS 0x0000000728200000, 0x0000000728200000| Untracked 
| 101|0x0000000728300000, 0x0000000728300000, 0x0000000728400000|  0%| F|  |TAMS 0x0000000728300000, 0x0000000728300000| Untracked 
| 102|0x0000000728400000, 0x0000000728400000, 0x0000000728500000|  0%| F|  |TAMS 0x0000000728400000, 0x0000000728400000| Untracked 
| 103|0x0000000728500000, 0x0000000728500000, 0x0000000728600000|  0%| F|  |TAMS 0x0000000728500000, 0x0000000728500000| Untracked 
| 104|0x0000000728600000, 0x0000000728600000, 0x0000000728700000|  0%| F|  |TAMS 0x0000000728600000, 0x0000000728600000| Untracked 
| 105|0x0000000728700000, 0x0000000728700000, 0x0000000728800000|  0%| F|  |TAMS 0x0000000728700000, 0x0000000728700000| Untracked 
| 106|0x0000000728800000, 0x0000000728800000, 0x0000000728900000|  0%| F|  |TAMS 0x0000000728800000, 0x0000000728800000| Untracked 
| 107|0x0000000728900000, 0x0000000728900000, 0x0000000728a00000|  0%| F|  |TAMS 0x0000000728900000, 0x0000000728900000| Untracked 
| 108|0x0000000728a00000, 0x0000000728a00000, 0x0000000728b00000|  0%| F|  |TAMS 0x0000000728a00000, 0x0000000728a00000| Untracked 
| 109|0x0000000728b00000, 0x0000000728b00000, 0x0000000728c00000|  0%| F|  |TAMS 0x0000000728b00000, 0x0000000728b00000| Untracked 
| 110|0x0000000728c00000, 0x0000000728c00000, 0x0000000728d00000|  0%| F|  |TAMS 0x0000000728c00000, 0x0000000728c00000| Untracked 
| 111|0x0000000728d00000, 0x0000000728d00000, 0x0000000728e00000|  0%| F|  |TAMS 0x0000000728d00000, 0x0000000728d00000| Untracked 
| 112|0x0000000728e00000, 0x0000000728e00000, 0x0000000728f00000|  0%| F|  |TAMS 0x0000000728e00000, 0x0000000728e00000| Untracked 
| 113|0x0000000728f00000, 0x0000000728f00000, 0x0000000729000000|  0%| F|  |TAMS 0x0000000728f00000, 0x0000000728f00000| Untracked 
| 114|0x0000000729000000, 0x0000000729000000, 0x0000000729100000|  0%| F|  |TAMS 0x0000000729000000, 0x0000000729000000| Untracked 
| 115|0x0000000729100000, 0x0000000729100000, 0x0000000729200000|  0%| F|  |TAMS 0x0000000729100000, 0x0000000729100000| Untracked 
| 116|0x0000000729200000, 0x0000000729200000, 0x0000000729300000|  0%| F|  |TAMS 0x0000000729200000, 0x0000000729200000| Untracked 
| 117|0x0000000729300000, 0x0000000729300000, 0x0000000729400000|  0%| F|  |TAMS 0x0000000729300000, 0x0000000729300000| Untracked 
| 118|0x0000000729400000, 0x0000000729400000, 0x0000000729500000|  0%| F|  |TAMS 0x0000000729400000, 0x0000000729400000| Untracked 
| 119|0x0000000729500000, 0x0000000729500000, 0x0000000729600000|  0%| F|  |TAMS 0x0000000729500000, 0x0000000729500000| Untracked 
| 120|0x0000000729600000, 0x0000000729600000, 0x0000000729700000|  0%| F|  |TAMS 0x0000000729600000, 0x0000000729600000| Untracked 
| 121|0x0000000729700000, 0x0000000729700000, 0x0000000729800000|  0%| F|  |TAMS 0x0000000729700000, 0x0000000729700000| Untracked 
| 122|0x0000000729800000, 0x0000000729800000, 0x0000000729900000|  0%| F|  |TAMS 0x0000000729800000, 0x0000000729800000| Untracked 
| 123|0x0000000729900000, 0x0000000729900000, 0x0000000729a00000|  0%| F|  |TAMS 0x0000000729900000, 0x0000000729900000| Untracked 
| 124|0x0000000729a00000, 0x0000000729a00000, 0x0000000729b00000|  0%| F|  |TAMS 0x0000000729a00000, 0x0000000729a00000| Untracked 
| 125|0x0000000729b00000, 0x0000000729b00000, 0x0000000729c00000|  0%| F|  |TAMS 0x0000000729b00000, 0x0000000729b00000| Untracked 
| 126|0x0000000729c00000, 0x0000000729c00000, 0x0000000729d00000|  0%| F|  |TAMS 0x0000000729c00000, 0x0000000729c00000| Untracked 
| 127|0x0000000729d00000, 0x0000000729d00000, 0x0000000729e00000|  0%| F|  |TAMS 0x0000000729d00000, 0x0000000729d00000| Untracked 
| 128|0x0000000729e00000, 0x0000000729e00000, 0x0000000729f00000|  0%| F|  |TAMS 0x0000000729e00000, 0x0000000729e00000| Untracked 
| 129|0x0000000729f00000, 0x0000000729f00000, 0x000000072a000000|  0%| F|  |TAMS 0x0000000729f00000, 0x0000000729f00000| Untracked 
| 130|0x000000072a000000, 0x000000072a000000, 0x000000072a100000|  0%| F|  |TAMS 0x000000072a000000, 0x000000072a000000| Untracked 
| 131|0x000000072a100000, 0x000000072a100000, 0x000000072a200000|  0%| F|  |TAMS 0x000000072a100000, 0x000000072a100000| Untracked 
| 132|0x000000072a200000, 0x000000072a200000, 0x000000072a300000|  0%| F|  |TAMS 0x000000072a200000, 0x000000072a200000| Untracked 
| 133|0x000000072a300000, 0x000000072a300000, 0x000000072a400000|  0%| F|  |TAMS 0x000000072a300000, 0x000000072a300000| Untracked 
| 134|0x000000072a400000, 0x000000072a400000, 0x000000072a500000|  0%| F|  |TAMS 0x000000072a400000, 0x000000072a400000| Untracked 
| 135|0x000000072a500000, 0x000000072a500000, 0x000000072a600000|  0%| F|  |TAMS 0x000000072a500000, 0x000000072a500000| Untracked 
| 136|0x000000072a600000, 0x000000072a600000, 0x000000072a700000|  0%| F|  |TAMS 0x000000072a600000, 0x000000072a600000| Untracked 
| 137|0x000000072a700000, 0x000000072a700000, 0x000000072a800000|  0%| F|  |TAMS 0x000000072a700000, 0x000000072a700000| Untracked 
| 138|0x000000072a800000, 0x000000072a800000, 0x000000072a900000|  0%| F|  |TAMS 0x000000072a800000, 0x000000072a800000| Untracked 
| 139|0x000000072a900000, 0x000000072a900000, 0x000000072aa00000|  0%| F|  |TAMS 0x000000072a900000, 0x000000072a900000| Untracked 
| 140|0x000000072aa00000, 0x000000072aa00000, 0x000000072ab00000|  0%| F|  |TAMS 0x000000072aa00000, 0x000000072aa00000| Untracked 
| 141|0x000000072ab00000, 0x000000072ab00000, 0x000000072ac00000|  0%| F|  |TAMS 0x000000072ab00000, 0x000000072ab00000| Untracked 
| 142|0x000000072ac00000, 0x000000072ac00000, 0x000000072ad00000|  0%| F|  |TAMS 0x000000072ac00000, 0x000000072ac00000| Untracked 
| 143|0x000000072ad00000, 0x000000072ad00000, 0x000000072ae00000|  0%| F|  |TAMS 0x000000072ad00000, 0x000000072ad00000| Untracked 
| 144|0x000000072ae00000, 0x000000072ae00000, 0x000000072af00000|  0%| F|  |TAMS 0x000000072ae00000, 0x000000072ae00000| Untracked 
| 145|0x000000072af00000, 0x000000072af00000, 0x000000072b000000|  0%| F|  |TAMS 0x000000072af00000, 0x000000072af00000| Untracked 
| 146|0x000000072b000000, 0x000000072b000000, 0x000000072b100000|  0%| F|  |TAMS 0x000000072b000000, 0x000000072b000000| Untracked 
| 147|0x000000072b100000, 0x000000072b100000, 0x000000072b200000|  0%| F|  |TAMS 0x000000072b100000, 0x000000072b100000| Untracked 
| 148|0x000000072b200000, 0x000000072b200000, 0x000000072b300000|  0%| F|  |TAMS 0x000000072b200000, 0x000000072b200000| Untracked 
| 149|0x000000072b300000, 0x000000072b300000, 0x000000072b400000|  0%| F|  |TAMS 0x000000072b300000, 0x000000072b300000| Untracked 
| 150|0x000000072b400000, 0x000000072b400000, 0x000000072b500000|  0%| F|  |TAMS 0x000000072b400000, 0x000000072b400000| Untracked 
| 151|0x000000072b500000, 0x000000072b500000, 0x000000072b600000|  0%| F|  |TAMS 0x000000072b500000, 0x000000072b500000| Untracked 
| 152|0x000000072b600000, 0x000000072b600000, 0x000000072b700000|  0%| F|  |TAMS 0x000000072b600000, 0x000000072b600000| Untracked 
| 153|0x000000072b700000, 0x000000072b750880, 0x000000072b800000| 31%| S|CS|TAMS 0x000000072b700000, 0x000000072b700000| Complete 
| 154|0x000000072b800000, 0x000000072b900000, 0x000000072b900000|100%| S|CS|TAMS 0x000000072b800000, 0x000000072b800000| Complete 
| 155|0x000000072b900000, 0x000000072b900000, 0x000000072ba00000|  0%| F|  |TAMS 0x000000072b900000, 0x000000072b900000| Untracked 
| 156|0x000000072ba00000, 0x000000072ba00000, 0x000000072bb00000|  0%| F|  |TAMS 0x000000072ba00000, 0x000000072ba00000| Untracked 
| 157|0x000000072bb00000, 0x000000072bb00000, 0x000000072bc00000|  0%| F|  |TAMS 0x000000072bb00000, 0x000000072bb00000| Untracked 
| 158|0x000000072bc00000, 0x000000072bc80800, 0x000000072bd00000| 50%| E|  |TAMS 0x000000072bc00000, 0x000000072bc00000| Complete 
| 159|0x000000072bd00000, 0x000000072be00000, 0x000000072be00000|100%| E|CS|TAMS 0x000000072bd00000, 0x000000072bd00000| Complete 
| 160|0x000000072be00000, 0x000000072bf00000, 0x000000072bf00000|100%| E|CS|TAMS 0x000000072be00000, 0x000000072be00000| Complete 
| 161|0x000000072bf00000, 0x000000072c000000, 0x000000072c000000|100%| E|CS|TAMS 0x000000072bf00000, 0x000000072bf00000| Complete 
| 162|0x000000072c000000, 0x000000072c100000, 0x000000072c100000|100%| E|CS|TAMS 0x000000072c000000, 0x000000072c000000| Complete 
| 163|0x000000072c100000, 0x000000072c200000, 0x000000072c200000|100%| E|CS|TAMS 0x000000072c100000, 0x000000072c100000| Complete 
| 164|0x000000072c200000, 0x000000072c300000, 0x000000072c300000|100%| E|CS|TAMS 0x000000072c200000, 0x000000072c200000| Complete 
| 165|0x000000072c300000, 0x000000072c400000, 0x000000072c400000|100%| E|CS|TAMS 0x000000072c300000, 0x000000072c300000| Complete 
| 166|0x000000072c400000, 0x000000072c500000, 0x000000072c500000|100%| S|CS|TAMS 0x000000072c400000, 0x000000072c400000| Complete 
| 167|0x000000072c500000, 0x000000072c600000, 0x000000072c600000|100%| S|CS|TAMS 0x000000072c500000, 0x000000072c500000| Complete 
| 168|0x000000072c600000, 0x000000072c700000, 0x000000072c700000|100%| S|CS|TAMS 0x000000072c600000, 0x000000072c600000| Complete 
| 169|0x000000072c700000, 0x000000072c800000, 0x000000072c800000|100%| S|CS|TAMS 0x000000072c700000, 0x000000072c700000| Complete 
| 170|0x000000072c800000, 0x000000072c900000, 0x000000072c900000|100%| S|CS|TAMS 0x000000072c800000, 0x000000072c800000| Complete 
| 171|0x000000072c900000, 0x000000072ca00000, 0x000000072ca00000|100%| S|CS|TAMS 0x000000072c900000, 0x000000072c900000| Complete 
| 172|0x000000072ca00000, 0x000000072cb00000, 0x000000072cb00000|100%| S|CS|TAMS 0x000000072ca00000, 0x000000072ca00000| Complete 
| 173|0x000000072cb00000, 0x000000072cc00000, 0x000000072cc00000|100%| S|CS|TAMS 0x000000072cb00000, 0x000000072cb00000| Complete 
| 174|0x000000072cc00000, 0x000000072cd00000, 0x000000072cd00000|100%| S|CS|TAMS 0x000000072cc00000, 0x000000072cc00000| Complete 
| 175|0x000000072cd00000, 0x000000072ce00000, 0x000000072ce00000|100%| E|CS|TAMS 0x000000072cd00000, 0x000000072cd00000| Complete 
| 176|0x000000072ce00000, 0x000000072cf00000, 0x000000072cf00000|100%| E|CS|TAMS 0x000000072ce00000, 0x000000072ce00000| Complete 
| 177|0x000000072cf00000, 0x000000072d000000, 0x000000072d000000|100%| E|CS|TAMS 0x000000072cf00000, 0x000000072cf00000| Complete 
| 178|0x000000072d000000, 0x000000072d100000, 0x000000072d100000|100%| E|CS|TAMS 0x000000072d000000, 0x000000072d000000| Complete 
| 179|0x000000072d100000, 0x000000072d200000, 0x000000072d200000|100%| E|CS|TAMS 0x000000072d100000, 0x000000072d100000| Complete 
| 180|0x000000072d200000, 0x000000072d300000, 0x000000072d300000|100%| E|CS|TAMS 0x000000072d200000, 0x000000072d200000| Complete 
| 181|0x000000072d300000, 0x000000072d400000, 0x000000072d400000|100%| E|CS|TAMS 0x000000072d300000, 0x000000072d300000| Complete 
| 182|0x000000072d400000, 0x000000072d500000, 0x000000072d500000|100%| E|CS|TAMS 0x000000072d400000, 0x000000072d400000| Complete 
| 183|0x000000072d500000, 0x000000072d600000, 0x000000072d600000|100%| E|CS|TAMS 0x000000072d500000, 0x000000072d500000| Complete 
| 184|0x000000072d600000, 0x000000072d700000, 0x000000072d700000|100%| E|CS|TAMS 0x000000072d600000, 0x000000072d600000| Complete 
| 185|0x000000072d700000, 0x000000072d800000, 0x000000072d800000|100%| E|CS|TAMS 0x000000072d700000, 0x000000072d700000| Complete 
| 186|0x000000072d800000, 0x000000072d900000, 0x000000072d900000|100%| E|CS|TAMS 0x000000072d800000, 0x000000072d800000| Complete 
| 187|0x000000072d900000, 0x000000072da00000, 0x000000072da00000|100%| E|CS|TAMS 0x000000072d900000, 0x000000072d900000| Complete 
| 188|0x000000072da00000, 0x000000072db00000, 0x000000072db00000|100%| E|CS|TAMS 0x000000072da00000, 0x000000072da00000| Complete 
| 189|0x000000072db00000, 0x000000072dc00000, 0x000000072dc00000|100%| E|CS|TAMS 0x000000072db00000, 0x000000072db00000| Complete 
| 190|0x000000072dc00000, 0x000000072dd00000, 0x000000072dd00000|100%| E|CS|TAMS 0x000000072dc00000, 0x000000072dc00000| Complete 
| 191|0x000000072dd00000, 0x000000072de00000, 0x000000072de00000|100%| E|CS|TAMS 0x000000072dd00000, 0x000000072dd00000| Complete 
| 192|0x000000072de00000, 0x000000072df00000, 0x000000072df00000|100%| E|CS|TAMS 0x000000072de00000, 0x000000072de00000| Complete 
| 193|0x000000072df00000, 0x000000072e000000, 0x000000072e000000|100%| E|CS|TAMS 0x000000072df00000, 0x000000072df00000| Complete 
| 194|0x000000072e000000, 0x000000072e100000, 0x000000072e100000|100%| E|CS|TAMS 0x000000072e000000, 0x000000072e000000| Complete 
| 195|0x000000072e100000, 0x000000072e200000, 0x000000072e200000|100%| E|CS|TAMS 0x000000072e100000, 0x000000072e100000| Complete 
| 196|0x000000072e200000, 0x000000072e300000, 0x000000072e300000|100%| E|CS|TAMS 0x000000072e200000, 0x000000072e200000| Complete 
| 197|0x000000072e300000, 0x000000072e400000, 0x000000072e400000|100%| E|CS|TAMS 0x000000072e300000, 0x000000072e300000| Complete 
| 198|0x000000072e400000, 0x000000072e500000, 0x000000072e500000|100%| E|CS|TAMS 0x000000072e400000, 0x000000072e400000| Complete 
| 199|0x000000072e500000, 0x000000072e600000, 0x000000072e600000|100%| E|CS|TAMS 0x000000072e500000, 0x000000072e500000| Complete 
| 200|0x000000072e600000, 0x000000072e700000, 0x000000072e700000|100%| E|CS|TAMS 0x000000072e600000, 0x000000072e600000| Complete 
| 201|0x000000072e700000, 0x000000072e800000, 0x000000072e800000|100%| E|CS|TAMS 0x000000072e700000, 0x000000072e700000| Complete 
| 202|0x000000072e800000, 0x000000072e900000, 0x000000072e900000|100%| E|CS|TAMS 0x000000072e800000, 0x000000072e800000| Complete 
| 203|0x000000072e900000, 0x000000072ea00000, 0x000000072ea00000|100%| E|CS|TAMS 0x000000072e900000, 0x000000072e900000| Complete 
| 204|0x000000072ea00000, 0x000000072eb00000, 0x000000072eb00000|100%| E|CS|TAMS 0x000000072ea00000, 0x000000072ea00000| Complete 
| 205|0x000000072eb00000, 0x000000072ec00000, 0x000000072ec00000|100%| E|CS|TAMS 0x000000072eb00000, 0x000000072eb00000| Complete 
| 206|0x000000072ec00000, 0x000000072ed00000, 0x000000072ed00000|100%| E|CS|TAMS 0x000000072ec00000, 0x000000072ec00000| Complete 
| 207|0x000000072ed00000, 0x000000072ee00000, 0x000000072ee00000|100%| E|CS|TAMS 0x000000072ed00000, 0x000000072ed00000| Complete 
| 208|0x000000072ee00000, 0x000000072ef00000, 0x000000072ef00000|100%| E|CS|TAMS 0x000000072ee00000, 0x000000072ee00000| Complete 
| 209|0x000000072ef00000, 0x000000072f000000, 0x000000072f000000|100%| E|CS|TAMS 0x000000072ef00000, 0x000000072ef00000| Complete 
| 210|0x000000072f000000, 0x000000072f100000, 0x000000072f100000|100%| E|CS|TAMS 0x000000072f000000, 0x000000072f000000| Complete 
| 211|0x000000072f100000, 0x000000072f200000, 0x000000072f200000|100%| E|CS|TAMS 0x000000072f100000, 0x000000072f100000| Complete 
| 212|0x000000072f200000, 0x000000072f300000, 0x000000072f300000|100%| E|CS|TAMS 0x000000072f200000, 0x000000072f200000| Complete 
| 213|0x000000072f300000, 0x000000072f400000, 0x000000072f400000|100%| E|CS|TAMS 0x000000072f300000, 0x000000072f300000| Complete 
| 214|0x000000072f400000, 0x000000072f500000, 0x000000072f500000|100%| E|CS|TAMS 0x000000072f400000, 0x000000072f400000| Complete 
| 215|0x000000072f500000, 0x000000072f600000, 0x000000072f600000|100%| E|CS|TAMS 0x000000072f500000, 0x000000072f500000| Complete 
| 216|0x000000072f600000, 0x000000072f700000, 0x000000072f700000|100%| E|CS|TAMS 0x000000072f600000, 0x000000072f600000| Complete 
| 217|0x000000072f700000, 0x000000072f800000, 0x000000072f800000|100%| E|CS|TAMS 0x000000072f700000, 0x000000072f700000| Complete 
| 218|0x000000072f800000, 0x000000072f900000, 0x000000072f900000|100%| E|CS|TAMS 0x000000072f800000, 0x000000072f800000| Complete 
| 219|0x000000072f900000, 0x000000072fa00000, 0x000000072fa00000|100%| E|CS|TAMS 0x000000072f900000, 0x000000072f900000| Complete 
| 220|0x000000072fa00000, 0x000000072fb00000, 0x000000072fb00000|100%| E|CS|TAMS 0x000000072fa00000, 0x000000072fa00000| Complete 
| 221|0x000000072fb00000, 0x000000072fc00000, 0x000000072fc00000|100%| E|CS|TAMS 0x000000072fb00000, 0x000000072fb00000| Complete 
| 222|0x000000072fc00000, 0x000000072fd00000, 0x000000072fd00000|100%| E|CS|TAMS 0x000000072fc00000, 0x000000072fc00000| Complete 
| 223|0x000000072fd00000, 0x000000072fe00000, 0x000000072fe00000|100%| E|CS|TAMS 0x000000072fd00000, 0x000000072fd00000| Complete 
| 224|0x000000072fe00000, 0x000000072ff00000, 0x000000072ff00000|100%| E|CS|TAMS 0x000000072fe00000, 0x000000072fe00000| Complete 
| 225|0x000000072ff00000, 0x0000000730000000, 0x0000000730000000|100%| E|CS|TAMS 0x000000072ff00000, 0x000000072ff00000| Complete 
| 226|0x0000000730000000, 0x0000000730100000, 0x0000000730100000|100%| E|CS|TAMS 0x0000000730000000, 0x0000000730000000| Complete 
| 227|0x0000000730100000, 0x0000000730200000, 0x0000000730200000|100%| E|CS|TAMS 0x0000000730100000, 0x0000000730100000| Complete 
| 228|0x0000000730200000, 0x0000000730300000, 0x0000000730300000|100%| E|CS|TAMS 0x0000000730200000, 0x0000000730200000| Complete 
| 229|0x0000000730300000, 0x0000000730400000, 0x0000000730400000|100%| E|CS|TAMS 0x0000000730300000, 0x0000000730300000| Complete 
| 230|0x0000000730400000, 0x0000000730500000, 0x0000000730500000|100%| E|CS|TAMS 0x0000000730400000, 0x0000000730400000| Complete 
| 231|0x0000000730500000, 0x0000000730600000, 0x0000000730600000|100%| E|CS|TAMS 0x0000000730500000, 0x0000000730500000| Complete 
| 232|0x0000000730600000, 0x0000000730700000, 0x0000000730700000|100%| E|CS|TAMS 0x0000000730600000, 0x0000000730600000| Complete 
| 233|0x0000000730700000, 0x0000000730800000, 0x0000000730800000|100%| E|CS|TAMS 0x0000000730700000, 0x0000000730700000| Complete 
| 234|0x0000000730800000, 0x0000000730900000, 0x0000000730900000|100%| E|CS|TAMS 0x0000000730800000, 0x0000000730800000| Complete 
| 235|0x0000000730900000, 0x0000000730a00000, 0x0000000730a00000|100%| E|CS|TAMS 0x0000000730900000, 0x0000000730900000| Complete 
| 236|0x0000000730a00000, 0x0000000730b00000, 0x0000000730b00000|100%| E|CS|TAMS 0x0000000730a00000, 0x0000000730a00000| Complete 
| 237|0x0000000730b00000, 0x0000000730c00000, 0x0000000730c00000|100%| E|CS|TAMS 0x0000000730b00000, 0x0000000730b00000| Complete 
| 238|0x0000000730c00000, 0x0000000730d00000, 0x0000000730d00000|100%| E|CS|TAMS 0x0000000730c00000, 0x0000000730c00000| Complete 
| 239|0x0000000730d00000, 0x0000000730e00000, 0x0000000730e00000|100%| E|CS|TAMS 0x0000000730d00000, 0x0000000730d00000| Complete 
| 240|0x0000000730e00000, 0x0000000730f00000, 0x0000000730f00000|100%| E|CS|TAMS 0x0000000730e00000, 0x0000000730e00000| Complete 
| 241|0x0000000730f00000, 0x0000000731000000, 0x0000000731000000|100%| E|CS|TAMS 0x0000000730f00000, 0x0000000730f00000| Complete 
| 242|0x0000000731000000, 0x0000000731100000, 0x0000000731100000|100%| E|CS|TAMS 0x0000000731000000, 0x0000000731000000| Complete 
| 243|0x0000000731100000, 0x0000000731200000, 0x0000000731200000|100%| E|CS|TAMS 0x0000000731100000, 0x0000000731100000| Complete 
| 244|0x0000000731200000, 0x0000000731300000, 0x0000000731300000|100%| E|CS|TAMS 0x0000000731200000, 0x0000000731200000| Complete 
| 245|0x0000000731300000, 0x0000000731400000, 0x0000000731400000|100%| E|CS|TAMS 0x0000000731300000, 0x0000000731300000| Complete 
| 246|0x0000000731400000, 0x0000000731500000, 0x0000000731500000|100%| E|CS|TAMS 0x0000000731400000, 0x0000000731400000| Complete 
| 247|0x0000000731500000, 0x0000000731600000, 0x0000000731600000|100%| E|CS|TAMS 0x0000000731500000, 0x0000000731500000| Complete 
| 248|0x0000000731600000, 0x0000000731700000, 0x0000000731700000|100%| E|CS|TAMS 0x0000000731600000, 0x0000000731600000| Complete 
| 249|0x0000000731700000, 0x0000000731800000, 0x0000000731800000|100%| E|CS|TAMS 0x0000000731700000, 0x0000000731700000| Complete 
| 250|0x0000000731800000, 0x0000000731900000, 0x0000000731900000|100%| E|CS|TAMS 0x0000000731800000, 0x0000000731800000| Complete 
| 251|0x0000000731900000, 0x0000000731a00000, 0x0000000731a00000|100%| E|CS|TAMS 0x0000000731900000, 0x0000000731900000| Complete 
| 252|0x0000000731a00000, 0x0000000731b00000, 0x0000000731b00000|100%| E|CS|TAMS 0x0000000731a00000, 0x0000000731a00000| Complete 
| 253|0x0000000731b00000, 0x0000000731c00000, 0x0000000731c00000|100%| E|CS|TAMS 0x0000000731b00000, 0x0000000731b00000| Complete 
| 254|0x0000000731c00000, 0x0000000731d00000, 0x0000000731d00000|100%| E|CS|TAMS 0x0000000731c00000, 0x0000000731c00000| Complete 
| 255|0x0000000731d00000, 0x0000000731e00000, 0x0000000731e00000|100%| E|CS|TAMS 0x0000000731d00000, 0x0000000731d00000| Complete 
| 256|0x0000000731e00000, 0x0000000731f00000, 0x0000000731f00000|100%| E|CS|TAMS 0x0000000731e00000, 0x0000000731e00000| Complete 
| 257|0x0000000731f00000, 0x0000000732000000, 0x0000000732000000|100%| E|CS|TAMS 0x0000000731f00000, 0x0000000731f00000| Complete 
| 258|0x0000000732000000, 0x0000000732100000, 0x0000000732100000|100%| E|CS|TAMS 0x0000000732000000, 0x0000000732000000| Complete 
| 259|0x0000000732100000, 0x0000000732200000, 0x0000000732200000|100%| E|CS|TAMS 0x0000000732100000, 0x0000000732100000| Complete 
| 260|0x0000000732200000, 0x0000000732300000, 0x0000000732300000|100%| E|CS|TAMS 0x0000000732200000, 0x0000000732200000| Complete 
| 261|0x0000000732300000, 0x0000000732400000, 0x0000000732400000|100%| E|CS|TAMS 0x0000000732300000, 0x0000000732300000| Complete 
| 262|0x0000000732400000, 0x0000000732500000, 0x0000000732500000|100%| E|CS|TAMS 0x0000000732400000, 0x0000000732400000| Complete 
| 263|0x0000000732500000, 0x0000000732600000, 0x0000000732600000|100%| E|CS|TAMS 0x0000000732500000, 0x0000000732500000| Complete 
| 264|0x0000000732600000, 0x0000000732700000, 0x0000000732700000|100%| E|CS|TAMS 0x0000000732600000, 0x0000000732600000| Complete 
| 265|0x0000000732700000, 0x0000000732800000, 0x0000000732800000|100%| E|CS|TAMS 0x0000000732700000, 0x0000000732700000| Complete 
| 266|0x0000000732800000, 0x0000000732900000, 0x0000000732900000|100%| E|CS|TAMS 0x0000000732800000, 0x0000000732800000| Complete 
| 267|0x0000000732900000, 0x0000000732a00000, 0x0000000732a00000|100%| E|CS|TAMS 0x0000000732900000, 0x0000000732900000| Complete 
| 268|0x0000000732a00000, 0x0000000732b00000, 0x0000000732b00000|100%| E|CS|TAMS 0x0000000732a00000, 0x0000000732a00000| Complete 

Card table byte_map: [0x000001f0772e0000,0x000001f0779e0000] _byte_map_base: 0x000001f0739d1000

Marking Bits (Prev, Next): (CMBitMap*) 0x000001f06f2597f0, (CMBitMap*) 0x000001f06f2597b8
 Prev Bits: [0x000001f07b870000, 0x000001f07eff8000)
 Next Bits: [0x000001f0780e0000, 0x000001f07b868000)

Polling page: 0x000001f06e9e0000

Metaspace:

Usage:
  Non-class:     58.67 MB capacity,    58.18 MB (>99%) used,   381.96 KB ( <1%) free+waste,   115.50 KB ( <1%) overhead. 
      Class:      7.55 MB capacity,     7.23 MB ( 96%) used,   279.27 KB (  4%) free+waste,    49.75 KB ( <1%) overhead. 
       Both:     66.22 MB capacity,    65.41 MB ( 99%) used,   661.23 KB ( <1%) free+waste,   165.25 KB ( <1%) overhead. 

Virtual space:
  Non-class space:       60.00 MB reserved,      58.83 MB ( 98%) committed 
      Class space:        1.00 GB reserved,       7.63 MB ( <1%) committed 
             Both:        1.06 GB reserved,      66.45 MB (  6%) committed 

Chunk freelists:
   Non-Class:  4.63 KB
       Class:  1.50 KB
        Both:  6.13 KB

CodeHeap 'non-profiled nmethods': size=120000Kb used=8897Kb max_used=8897Kb free=111102Kb
 bounds [0x000001f007ad0000, 0x000001f008390000, 0x000001f00f000000]
CodeHeap 'profiled nmethods': size=120000Kb used=36770Kb max_used=36770Kb free=83229Kb
 bounds [0x000001f0005a0000, 0x000001f0029a0000, 0x000001f007ad0000]
CodeHeap 'non-nmethods': size=5760Kb used=1226Kb max_used=1322Kb free=4533Kb
 bounds [0x000001f000000000, 0x000001f000270000, 0x000001f0005a0000]
 total_blobs=12215 nmethods=11641 adapters=482
 compilation: enabled
              stopped_count=0, restarted_count=0
 full_count=0

Compilation events (10 events):
Event: 31.360 Thread 0x000001f015866800 nmethod 12495 0x000001f008370610 code [0x000001f008370960, 0x000001f008372c60]
Event: 31.360 Thread 0x000001f015866800 12493       4       org.jetbrains.kotlin.resolve.jvm.checkers.JvmArrayVariableInLoopAssignmentChecker::checkType (318 bytes)
Event: 31.363 Thread 0x000001f015866800 nmethod 12493 0x000001f008374e90 code [0x000001f008375040, 0x000001f0083751e8]
Event: 31.363 Thread 0x000001f015866800 12510       4       org.jetbrains.kotlin.types.FlexibleTypesKt::lowerIfFlexible (71 bytes)
Event: 31.365 Thread 0x000001f015866800 nmethod 12510 0x000001f008375510 code [0x000001f0083756a0, 0x000001f008375798]
Event: 31.365 Thread 0x000001f015866800 12494       4       kotlin.sequences.FlatteningSequence::iterator (12 bytes)
Event: 31.369 Thread 0x000001f015866800 nmethod 12494 0x000001f008375910 code [0x000001f008375aa0, 0x000001f008375c98]
Event: 31.369 Thread 0x000001f015866800 12525       4       org.jetbrains.kotlin.resolve.calls.tower.PSICallResolver$ASTScopeTower::getTypeApproximator (8 bytes)
Event: 31.370 Thread 0x000001f015866800 nmethod 12525 0x000001f008375d90 code [0x000001f008375f00, 0x000001f008375f78]
Event: 31.370 Thread 0x000001f015866800 12490       4       org.jetbrains.kotlin.resolve.lazy.LazyImportScope::getContributedClassifier (55 bytes)

GC Heap History (10 events):
Event: 6.263 GC heap before
{Heap before GC invocations=5 (full 0):
 garbage-first heap   total 229376K, used 52224K [0x0000000721e00000, 0x0000000800000000)
  region size 1024K, 20 young (20480K), 1 survivors (1024K)
 Metaspace       used 35417K, capacity 35793K, committed 35920K, reserved 1081344K
  class space    used 4152K, capacity 4318K, committed 4352K, reserved 1048576K
}
Event: 6.267 GC heap after
{Heap after GC invocations=6 (full 0):
 garbage-first heap   total 229376K, used 33285K [0x0000000721e00000, 0x0000000800000000)
  region size 1024K, 3 young (3072K), 3 survivors (3072K)
 Metaspace       used 35417K, capacity 35793K, committed 35920K, reserved 1081344K
  class space    used 4152K, capacity 4318K, committed 4352K, reserved 1048576K
}
Event: 10.528 GC heap before
{Heap before GC invocations=7 (full 0):
 garbage-first heap   total 229376K, used 100869K [0x0000000721e00000, 0x0000000800000000)
  region size 1024K, 67 young (68608K), 3 survivors (3072K)
 Metaspace       used 48615K, capacity 49122K, committed 49360K, reserved 1093632K
  class space    used 5685K, capacity 5891K, committed 6016K, reserved 1048576K
}
Event: 10.541 GC heap after
{Heap after GC invocations=8 (full 0):
 garbage-first heap   total 229376K, used 42375K [0x0000000721e00000, 0x0000000800000000)
  region size 1024K, 9 young (9216K), 9 survivors (9216K)
 Metaspace       used 48615K, capacity 49122K, committed 49360K, reserved 1093632K
  class space    used 5685K, capacity 5891K, committed 6016K, reserved 1048576K
}
Event: 14.674 GC heap before
{Heap before GC invocations=8 (full 0):
 garbage-first heap   total 229376K, used 123271K [0x0000000721e00000, 0x0000000800000000)
  region size 1024K, 87 young (89088K), 9 survivors (9216K)
 Metaspace       used 57359K, capacity 58030K, committed 58064K, reserved 1099776K
  class space    used 6715K, capacity 7012K, committed 7040K, reserved 1048576K
}
Event: 14.697 GC heap after
{Heap after GC invocations=9 (full 0):
 garbage-first heap   total 229376K, used 53222K [0x0000000721e00000, 0x0000000800000000)
  region size 1024K, 11 young (11264K), 11 survivors (11264K)
 Metaspace       used 57359K, capacity 58030K, committed 58064K, reserved 1099776K
  class space    used 6715K, capacity 7012K, committed 7040K, reserved 1048576K
}
Event: 17.074 GC heap before
{Heap before GC invocations=9 (full 0):
 garbage-first heap   total 229376K, used 111590K [0x0000000721e00000, 0x0000000800000000)
  region size 1024K, 69 young (70656K), 11 survivors (11264K)
 Metaspace       used 59296K, capacity 59983K, committed 60240K, reserved 1101824K
  class space    used 6860K, capacity 7149K, committed 7168K, reserved 1048576K
}
Event: 17.103 GC heap after
{Heap after GC invocations=10 (full 0):
 garbage-first heap   total 275456K, used 63344K [0x0000000721e00000, 0x0000000800000000)
  region size 1024K, 11 young (11264K), 11 survivors (11264K)
 Metaspace       used 59296K, capacity 59983K, committed 60240K, reserved 1101824K
  class space    used 6860K, capacity 7149K, committed 7168K, reserved 1048576K
}
Event: 24.104 GC heap before
{Heap before GC invocations=11 (full 0):
 garbage-first heap   total 275456K, used 162672K [0x0000000721e00000, 0x0000000800000000)
  region size 1024K, 105 young (107520K), 11 survivors (11264K)
 Metaspace       used 65640K, capacity 66417K, committed 66640K, reserved 1107968K
  class space    used 7333K, capacity 7659K, committed 7680K, reserved 1048576K
}
Event: 24.126 GC heap after
{Heap after GC invocations=12 (full 0):
 garbage-first heap   total 275456K, used 76098K [0x0000000721e00000, 0x0000000800000000)
  region size 1024K, 11 young (11264K), 11 survivors (11264K)
 Metaspace       used 65640K, capacity 66417K, committed 66640K, reserved 1107968K
  class space    used 7333K, capacity 7659K, committed 7680K, reserved 1048576K
}

Deoptimization events (10 events):
Event: 31.215 Thread 0x000001f06f205800 Uncommon trap: reason=unstable_if action=reinterpret pc=0x000001f008030f58 method=org.jetbrains.kotlin.psi.KtPsiUtil.deparenthesizeOnce(Lorg/jetbrains/kotlin/psi/KtExpression;Z)Lorg/jetbrains/kotlin/psi/KtExpression; @ 4 c2
Event: 31.218 Thread 0x000001f06f205800 Uncommon trap: reason=unstable_if action=reinterpret pc=0x000001f00818d514 method=org.jetbrains.kotlin.com.intellij.util.keyFMap.OneElementFMap.plus(Lorg/jetbrains/kotlin/com/intellij/openapi/util/Key;Ljava/lang/Object;)Lorg/jetbrains/kotlin/com/intellij/
Event: 31.218 Thread 0x000001f06f205800 Uncommon trap: reason=unstable_if action=reinterpret pc=0x000001f008331008 method=org.jetbrains.kotlin.resolve.calls.checkers.InlineCheckerWrapper.check(Lorg/jetbrains/kotlin/resolve/calls/model/ResolvedCall;Lorg/jetbrains/kotlin/com/intellij/psi/PsiEleme
Event: 31.227 Thread 0x000001f06f205800 Uncommon trap: reason=unstable_if action=reinterpret pc=0x000001f0082af130 method=org.jetbrains.kotlin.psi.psiUtil.KtPsiUtilKt.getAnnotationEntries(Lorg/jetbrains/kotlin/psi/KtExpression;)Ljava/util/List; @ 19 c2
Event: 31.229 Thread 0x000001f06f205800 Uncommon trap: reason=unstable_if action=reinterpret pc=0x000001f007c1fd18 method=org.jetbrains.kotlin.psi.KtPsiUtil.deparenthesizeOnce(Lorg/jetbrains/kotlin/psi/KtExpression;Z)Lorg/jetbrains/kotlin/psi/KtExpression; @ 4 c2
Event: 31.229 Thread 0x000001f06f205800 Uncommon trap: reason=unstable_if action=reinterpret pc=0x000001f0082b8bac method=org.jetbrains.kotlin.psi.KtPsiUtil.deparenthesizeOnce(Lorg/jetbrains/kotlin/psi/KtExpression;Z)Lorg/jetbrains/kotlin/psi/KtExpression; @ 4 c2
Event: 31.273 Thread 0x000001f06f205800 Uncommon trap: reason=predicate action=maybe_recompile pc=0x000001f0082d17fc method=org.jetbrains.kotlin.resolve.calls.model.SimpleCandidateFactory.createCandidate(Lorg/jetbrains/kotlin/descriptors/CallableDescriptor;Lorg/jetbrains/kotlin/resolve/calls/ta
Event: 31.273 Thread 0x000001f06f205800 Uncommon trap: reason=unstable_if action=reinterpret pc=0x000001f00811add0 method=org.jetbrains.kotlin.resolve.calls.model.KotlinResolutionCandidate.processParts(Z)V @ 129 c2
Event: 31.320 Thread 0x000001f06f205800 Uncommon trap: reason=bimorphic_or_optimized_type_check action=maybe_recompile pc=0x000001f007eebd90 method=kotlin.collections.CollectionsKt___CollectionsKt.toSet(Ljava/lang/Iterable;)Ljava/util/Set; @ 96 c2
Event: 31.321 Thread 0x000001f06f205800 Uncommon trap: reason=unstable_if action=reinterpret pc=0x000001f00815d9f0 method=org.jetbrains.kotlin.resolve.DescriptorToSourceUtils.collectEffectiveReferencedDescriptors(Ljava/util/List;Lorg/jetbrains/kotlin/descriptors/DeclarationDescriptor;)V @ 54 c2

Classes redefined (0 events):
No events

Internal exceptions (10 events):
Event: 18.247 Thread 0x000001f06f205800 Implicit null exception at 0x000001f007f52da3 to 0x000001f007f52f92
Event: 19.435 Thread 0x000001f06f205800 Implicit null exception at 0x000001f007e8abcd to 0x000001f007e8b4ec
Event: 19.713 Thread 0x000001f06f205800 Implicit null exception at 0x000001f007b29055 to 0x000001f007b29244
Event: 20.303 Thread 0x000001f06f205800 Implicit null exception at 0x000001f008011747 to 0x000001f008014418
Event: 20.724 Thread 0x000001f06f205800 Implicit null exception at 0x000001f0080632ef to 0x000001f0080634fc
Event: 21.919 Thread 0x000001f06f205800 Implicit null exception at 0x000001f0080d0cde to 0x000001f0080d0ff8
Event: 21.950 Thread 0x000001f06f205800 Implicit null exception at 0x000001f007f0e956 to 0x000001f007f0ec1c
Event: 22.076 Thread 0x000001f06f205800 Implicit null exception at 0x000001f007fba4dc to 0x000001f007fbb110
Event: 22.122 Thread 0x000001f06f205800 Implicit null exception at 0x000001f0080b4877 to 0x000001f0080b4f04
Event: 22.130 Thread 0x000001f06f205800 Implicit null exception at 0x000001f0080cb7f4 to 0x000001f0080cbe8c

Events (10 events):
Event: 31.273 Thread 0x000001f06f205800 DEOPT UNPACKING pc=0x000001f0000268af sp=0x000000b9f35f7150 mode 2
Event: 31.273 Thread 0x000001f06f205800 Uncommon trap: trap_request=0xffffff4d fr.pc=0x000001f00811add0 relative=0x00000000000006b0
Event: 31.273 Thread 0x000001f06f205800 DEOPT PACKING pc=0x000001f00811add0 sp=0x000000b9f35f74d0
Event: 31.273 Thread 0x000001f06f205800 DEOPT UNPACKING pc=0x000001f0000268af sp=0x000000b9f35f7470 mode 2
Event: 31.320 Thread 0x000001f06f205800 Uncommon trap: trap_request=0xffffffc6 fr.pc=0x000001f007eebd90 relative=0x0000000000000e10
Event: 31.320 Thread 0x000001f06f205800 DEOPT PACKING pc=0x000001f007eebd90 sp=0x000000b9f35f92c0
Event: 31.320 Thread 0x000001f06f205800 DEOPT UNPACKING pc=0x000001f0000268af sp=0x000000b9f35f9280 mode 2
Event: 31.321 Thread 0x000001f06f205800 Uncommon trap: trap_request=0xffffff4d fr.pc=0x000001f00815d9f0 relative=0x0000000000000590
Event: 31.321 Thread 0x000001f06f205800 DEOPT PACKING pc=0x000001f00815d9f0 sp=0x000000b9f35f92f0
Event: 31.321 Thread 0x000001f06f205800 DEOPT UNPACKING pc=0x000001f0000268af sp=0x000000b9f35f9190 mode 2


Dynamic libraries:
0x00007ff758c50000 - 0x00007ff758c5f000 	C:\Program Files\Java\jdk-11.0.15\bin\java.exe
0x00007ffcc3290000 - 0x00007ffcc3485000 	C:\WINDOWS\SYSTEM32\ntdll.dll
0x00007ffcc1550000 - 0x00007ffcc160d000 	C:\WINDOWS\System32\KERNEL32.DLL
0x00007ffcc1010000 - 0x00007ffcc12dd000 	C:\WINDOWS\System32\KERNELBASE.dll
0x00007ffcc0db0000 - 0x00007ffcc0eb0000 	C:\WINDOWS\System32\ucrtbase.dll
0x00007ffcb30a0000 - 0x00007ffcb30b5000 	C:\Program Files\Java\jdk-11.0.15\bin\VCRUNTIME140.dll
0x00007ffcb30c0000 - 0x00007ffcb30d8000 	C:\Program Files\Java\jdk-11.0.15\bin\jli.dll
0x00007ffcc1490000 - 0x00007ffcc153e000 	C:\WINDOWS\System32\ADVAPI32.dll
0x00007ffcc2440000 - 0x00007ffcc24de000 	C:\WINDOWS\System32\msvcrt.dll
0x00007ffcc2f70000 - 0x00007ffcc300c000 	C:\WINDOWS\System32\sechost.dll
0x00007ffcc24e0000 - 0x00007ffcc2605000 	C:\WINDOWS\System32\RPCRT4.dll
0x00007ffcc22a0000 - 0x00007ffcc2440000 	C:\WINDOWS\System32\USER32.dll
0x00007ffcc0ba0000 - 0x00007ffcc0bc2000 	C:\WINDOWS\System32\win32u.dll
0x00007ffcc2870000 - 0x00007ffcc289a000 	C:\WINDOWS\System32\GDI32.dll
0x00007ffcc0eb0000 - 0x00007ffcc0fbb000 	C:\WINDOWS\System32\gdi32full.dll
0x00007ffcaff70000 - 0x00007ffcb020a000 	C:\WINDOWS\WinSxS\amd64_microsoft.windows.common-controls_6595b64144ccf1df_6.0.19041.1110_none_60b5254171f9507e\COMCTL32.dll
0x00007ffcc0b00000 - 0x00007ffcc0b9d000 	C:\WINDOWS\System32\msvcp_win.dll
0x00007ffcb89a0000 - 0x00007ffcb89aa000 	C:\WINDOWS\SYSTEM32\VERSION.dll
0x00007ffcc2f40000 - 0x00007ffcc2f70000 	C:\WINDOWS\System32\IMM32.DLL
0x00007ffc4b250000 - 0x00007ffc4b2eb000 	C:\Program Files\Java\jdk-11.0.15\bin\msvcp140.dll
0x00007ffc4a730000 - 0x00007ffc4b246000 	C:\Program Files\Java\jdk-11.0.15\bin\server\jvm.dll
0x00007ffcc1540000 - 0x00007ffcc1548000 	C:\WINDOWS\System32\PSAPI.DLL
0x00007ffcb6be0000 - 0x00007ffcb6c07000 	C:\WINDOWS\SYSTEM32\WINMM.dll
0x00007ffca8dd0000 - 0x00007ffca8dd9000 	C:\WINDOWS\SYSTEM32\WSOCK32.dll
0x00007ffcc29c0000 - 0x00007ffcc2a2b000 	C:\WINDOWS\System32\WS2_32.dll
0x00007ffcbe8d0000 - 0x00007ffcbe8e2000 	C:\WINDOWS\SYSTEM32\kernel.appcore.dll
0x00007ffcb31b0000 - 0x00007ffcb31c0000 	C:\Program Files\Java\jdk-11.0.15\bin\verify.dll
0x00007ffcbe680000 - 0x00007ffcbe864000 	C:\WINDOWS\SYSTEM32\DBGHELP.DLL
0x00007ffcaac80000 - 0x00007ffcaacac000 	C:\WINDOWS\SYSTEM32\dbgcore.DLL
0x00007ffcc0c40000 - 0x00007ffcc0cc2000 	C:\WINDOWS\System32\bcryptPrimitives.dll
0x00007ffcaee00000 - 0x00007ffcaee28000 	C:\Program Files\Java\jdk-11.0.15\bin\java.dll
0x00007ffca0ca0000 - 0x00007ffca0caa000 	C:\Program Files\Java\jdk-11.0.15\bin\jimage.dll
0x00007ffca0c80000 - 0x00007ffca0c96000 	C:\Program Files\Java\jdk-11.0.15\bin\zip.dll
0x00007ffcc1610000 - 0x00007ffcc1d54000 	C:\WINDOWS\System32\SHELL32.dll
0x00007ffcbea40000 - 0x00007ffcbf1d4000 	C:\WINDOWS\SYSTEM32\windows.storage.dll
0x00007ffcc2a30000 - 0x00007ffcc2d84000 	C:\WINDOWS\System32\combase.dll
0x00007ffcc02b0000 - 0x00007ffcc02dc000 	C:\WINDOWS\SYSTEM32\Wldp.dll
0x00007ffcc30a0000 - 0x00007ffcc314d000 	C:\WINDOWS\System32\SHCORE.dll
0x00007ffcc31d0000 - 0x00007ffcc3225000 	C:\WINDOWS\System32\shlwapi.dll
0x00007ffcc08e0000 - 0x00007ffcc08ff000 	C:\WINDOWS\SYSTEM32\profapi.dll
0x00007ffc878e0000 - 0x00007ffc878f9000 	C:\Program Files\Java\jdk-11.0.15\bin\net.dll
0x00007ffcb4b50000 - 0x00007ffcb4c5a000 	C:\WINDOWS\SYSTEM32\WINHTTP.dll
0x00007ffcc0090000 - 0x00007ffcc00fa000 	C:\WINDOWS\system32\mswsock.dll
0x00007ffc878c0000 - 0x00007ffc878d2000 	C:\Program Files\Java\jdk-11.0.15\bin\nio.dll

dbghelp: loaded successfully - version: 4.0.5 - missing functions: none
symbol engine: initialized successfully - sym options: 0x614 - pdb path: .;C:\Program Files\Java\jdk-11.0.15\bin;C:\WINDOWS\SYSTEM32;C:\WINDOWS\WinSxS\amd64_microsoft.windows.common-controls_6595b64144ccf1df_6.0.19041.1110_none_60b5254171f9507e;C:\Program Files\Java\jdk-11.0.15\bin\server

VM Arguments:
java_command: org.jetbrains.kotlin.cli.jvm.K2JVMCompiler @C:\Users\white\Documents\AMK LAB\react-native\crud - Copy\node_modules\react-native-gesture-handler\android\build\20220606_6059660608265082642.compiler.options
java_class_path (initial): C:\Users\white\.gradle\caches\modules-2\files-2.1\org.jetbrains.kotlin\kotlin-compiler-embeddable\1.5.20\1900e8b9aca0a9caffd45b99b36e3720a0a284f8\kotlin-compiler-embeddable-1.5.20.jar;C:\Users\white\.gradle\caches\modules-2\files-2.1\org.jetbrains.kotlin\kotlin-reflect\1.5.20\63810951f09a27f7827977f1bc21094042a915e\kotlin-reflect-1.5.20.jar;C:\Users\white\.gradle\caches\modules-2\files-2.1\org.jetbrains.kotlin\kotlin-stdlib\1.5.20\9de35cc611bcecec8edce1d56d8e659953806751\kotlin-stdlib-1.5.20.jar;C:\Users\white\.gradle\caches\modules-2\files-2.1\org.jetbrains.kotlin\kotlin-script-runtime\1.5.20\4381bb58d37b84d4d1afe55ec35542dd9b77e101\kotlin-script-runtime-1.5.20.jar;C:\Users\white\.gradle\caches\modules-2\files-2.1\org.jetbrains.kotlin\kotlin-daemon-embeddable\1.5.20\36c38cda019834dcd2959cc33a12768adcd94256\kotlin-daemon-embeddable-1.5.20.jar;C:\Users\white\.gradle\caches\modules-2\files-2.1\org.jetbrains.intellij.deps\trove4j\1.0.20181211\216c2e14b070f334479d800987affe4054cd563f\trove4j-1.0.20181211.jar;C:\Users\white\.gradle\caches\modules-2\files-2.1\org.jetbrains\annotations\13.0\919f0dfe192fb4e063e7dacadee7f8bb9a2672a9\annotations-13.0.jar;C:\Users\white\.gradle\caches\modules-2\files-2.1\org.jetbrains.kotlin\kotlin-stdlib-common\1.5.20\3d79dbd48bf605f4aac1e7028981a1953e245cbb\kotlin-stdlib-common-1.5.20.jar
Launcher Type: SUN_STANDARD

[Global flags]
     intx CICompilerCount                          = 4                                         {product} {ergonomic}
     uint ConcGCThreads                            = 2                                         {product} {ergonomic}
     uint G1ConcRefinementThreads                  = 8                                         {product} {ergonomic}
   size_t G1HeapRegionSize                         = 1048576                                   {product} {ergonomic}
    uintx GCDrainStackTargetSize                   = 64                                        {product} {ergonomic}
   size_t InitialHeapSize                          = 234881024                                 {product} {ergonomic}
   size_t MarkStackSize                            = 4194304                                   {product} {ergonomic}
   size_t MaxHeapSize                              = 3726639104                                {product} {ergonomic}
   size_t MaxNewSize                               = 2235564032                                {product} {ergonomic}
   size_t MinHeapDeltaBytes                        = 1048576                                   {product} {ergonomic}
    uintx NonNMethodCodeHeapSize                   = 5836300                                {pd product} {ergonomic}
    uintx NonProfiledCodeHeapSize                  = 122910970                              {pd product} {ergonomic}
    uintx ProfiledCodeHeapSize                     = 122910970                              {pd product} {ergonomic}
    uintx ReservedCodeCacheSize                    = 251658240                              {pd product} {ergonomic}
     bool SegmentedCodeCache                       = true                                      {product} {ergonomic}
     bool UseCompressedClassPointers               = true                                 {lp64_product} {ergonomic}
     bool UseCompressedOops                        = true                                 {lp64_product} {ergonomic}
     bool UseG1GC                                  = true                                      {product} {ergonomic}
     bool UseLargePagesIndividualAllocation        = false                                  {pd product} {ergonomic}

Logging:
Log output configuration:
 #0: stdout all=warning uptime,level,tags
 #1: stderr all=off uptime,level,tags

Environment Variables:
JAVA_HOME=C:\Program Files\Java\jdk-11.0.15
CLASSPATH=C:\Users\white\Documents\AMK LAB\react-native\crud - Copy\android\\gradle\wrapper\gradle-wrapper.jar
PATH=C:\Users\white\Documents\AMK LAB\react-native\crud - Copy\android\node_modules\.bin;C:\Users\white\Documents\AMK LAB\react-native\crud - Copy\node_modules\.bin;C:\Users\white\Documents\AMK LAB\react-native\node_modules\.bin;C:\Users\white\Documents\AMK LAB\node_modules\.bin;C:\Users\white\Documents\node_modules\.bin;C:\Users\white\node_modules\.bin;C:\Users\node_modules\.bin;C:\node_modules\.bin;C:\Program Files\nodejs;C:\Program Files\Git\mingw64\bin;C:\Program Files\Git\usr\bin;C:\Users\white\bin;C:\Users\white\AppData\Local\Temp\yarn--1654502562596-0.6707121404131251;C:\Users\white\Documents\AMK LAB\react-native\crud - Copy\node_modules\.bin;C:\Users\white\AppData\Local\Yarn\Data\link\node_modules\.bin;C:\Users\white\AppData\Local\Yarn\bin;C:\Program Files\libexec\lib\node_modules\npm\bin\node-gyp-bin;C:\Program Files\lib\node_modules\npm\bin\node-gyp-bin;C:\Program Files\nodejs\node_modules\npm\bin\node-gyp-bin;C:\Program Files\Common Files\Oracle\Java\javapath;C:\Program Files (x86)\Common Files\Oracle\Java\javapath;C:\WINDOWS\system32;C:\WINDOWS;C:\WINDOWS\System32\Wbem;C:\WINDOWS\System32\WindowsPowerShell\v1.0;C:\WINDOWS\System32\OpenSSH;C:\Program Files\Git\cmd;C:\Program Files\PostgreSQL\10\bin;C:\Program Files (x86)\dotnet;C:\Program Files\Java\jdk-11.0.15;C:\Users\white\AppData\Local\Android\Sdk\platform-tools;C:\Users\white\AppData\Local\Android\Sdk\emulator;C:\Users\white\AppData\Local\Android\Sdk;C:\Program Files\nodejs;C:\Program Files\Java\jdk-11.0.15;C:\Users\white\AppData\Local\.meteor\;C:\Program Files\Git\mingw64\bin;C:\Program Files\Git\usr\bin;C:\Users\white\bin;C:\Program Files\nodejs\node_modules\npm\node_modules\npm-lifecycle\node-gyp-bin;C:\Users\white\AppData\Roaming\npm\node_modules\meteor\node_modules\.bin;C:\Users\white\AppData\Roaming\npm\node_modules\.bin;C:\WINDOWS\system32;C:\WINDOWS;C:\WINDOWS\System32\Wbem;C:\WINDOWS\System32\WindowsPowerShell\v1.0;C:\WINDOWS\System32\OpenSSH;C:\Program Files\Git\cmd;C:\Program Files\PostgreSQL
USERNAME=white
OS=Windows_NT
PROCESSOR_IDENTIFIER=AMD64 Family 23 Model 24 Stepping 1, AuthenticAMD



---------------  S Y S T E M  ---------------

OS: Windows 10 , 64 bit Build 19041 (10.0.19041.1706)
Hyper-V role detected

CPU:total 8 (initial active 8) (8 cores per cpu, 2 threads per core) family 23 model 24 stepping 1 microcode 0x0, cmov, cx8, fxsr, mmx, sse, sse2, sse3, ssse3, sse4.1, sse4.2, popcnt, avx, avx2, aes, clmul, mmxext, 3dnowpref, lzcnt, sse4a, ht, tsc, tscinvbit, tscinv, bmi1, bmi2, adx, s

Memory: 4k page, system-wide physical 14213M (805M free)
TotalPageFile size 14213M (AvailPageFile size 3M)
current process WorkingSet (physical memory assigned to process): 441M, peak: 448M
current process commit charge ("private bytes"): 551M, peak: 555M

vm_info: Java HotSpot(TM) 64-Bit Server VM (11.0.15+8-LTS-149) for windows-amd64 JRE (11.0.15+8-LTS-149), built on Mar  9 2022 22:42:32 by "mach5one" with MS VC++ 15.9 (VS2017)

END.
